#
# A fatal error has been detected by the Java Runtime Environment:
#
#  EXCEPTION_ACCESS_VIOLATION (0xc0000005) at pc=0x00007ffd78f2f357, pid=15596, tid=22240
#
# JRE version: Java(TM) SE Runtime Environment (22.0.1+8) (build 22.0.1+8-16)
# Java VM: Java HotSpot(TM) 64-Bit Server VM (22.0.1+8-16, mixed mode, sharing, tiered, compressed oops, compressed class ptrs, g1 gc, windows-amd64)
# Problematic frame:
# V  [jvm.dll+0x83f357]
#
# No core dump will be written. Minidumps are not enabled by default on client versions of Windows
#
# If you would like to submit a bug report, please visit:
#   https://bugreport.java.com/bugreport/crash.jsp
#

---------------  S U M M A R Y ------------

Command Line: -Dfile.encoding=UTF-8 -Dstdout.encoding=UTF-8 -Dstderr.encoding=UTF-8 -XX:+ShowCodeDetailsInExceptionMessages objViewer.Main

Host: Intel(R) Core(TM) i5-1035G1 CPU @ 1.00GHz, 8 cores, 11G,  Windows 11 , 64 bit Build 22621 (10.0.22621.3672)
Time: Sat Jul 27 10:29:20 2024 SA Pacific Standard Time elapsed time: 1.894291 seconds (0d 0h 0m 1s)

---------------  T H R E A D  ---------------

Current thread (0x000001b6b16e31c0):  JavaThread "main"             [_thread_in_vm, id=22240, stack(0x0000006a85e00000,0x0000006a85f00000) (1024K)]

Stack: [0x0000006a85e00000,0x0000006a85f00000],  sp=0x0000006a85eff340,  free space=1020k
Native frames: (J=compiled Java code, j=interpreted, Vv=VM code, C=native code)
V  [jvm.dll+0x83f357]  (no source info available)
C  0x000001b6c3654527  (no source info available)

The last pc belongs to native nmethod (printed below).
Java frames: (J=compiled Java code, j=interpreted, Vv=VM code)
J 485  jdk.internal.misc.Unsafe.putLong(Ljava/lang/Object;JJ)V java.base@22.0.1 (0 bytes) @ 0x000001b6c365448c [0x000001b6c3654420+0x000000000000006c]
j  sun.misc.Unsafe.putLong(Ljava/lang/Object;JJ)V+7 jdk.unsupported@22.0.1
j  org.joml.MemUtil$MemUtilUnsafe.put(Lorg/joml/Matrix4f;J)V+33
j  org.joml.MemUtil$MemUtilUnsafe.put(Lorg/joml/Matrix4f;ILjava/nio/FloatBuffer;)V+36
j  org.joml.Matrix4f.get(Ljava/nio/FloatBuffer;)Ljava/nio/FloatBuffer;+9
j  objViewer.Camera.applyView()V+18
j  objViewer.Renderer.render()V+10
j  objViewer.Main.loop()V+7
j  objViewer.Main.run()V+5
j  objViewer.Main.main([Ljava/lang/String;)V+7
v  ~StubRoutines::call_stub 0x000001b6c309100d

siginfo: EXCEPTION_ACCESS_VIOLATION (0xc0000005), writing address 0x0000000000000010


Registers:
RAX=0x000000003f4da73f, RBX=0x000001b6b16e31c0, RCX=0x0000000000000000, RDX=0x0000006a85eff398
RSP=0x0000006a85eff340, RBP=0x0000006a85eff3d0, RSI=0x0000000000000010, RDI=0x0000000000000000
R8 =0x0000000000000000, R9 =0x0000000000000010, R10=0x00007ffd7933309c, R11=0x000001b6c3654440
R12=0x0000000000000000, R13=0x0000006a85eff3e0, R14=0x0000006a85eff490, R15=0x000001b6b16e31c0
RIP=0x00007ffd78f2f357, EFLAGS=0x0000000000010246


Register to memory mapping:

RAX=0x000000003f4da73f is an unknown value
RBX=0x000001b6b16e31c0 is a thread
RCX=0x0 is null
RDX=0x0000006a85eff398 is pointing into the stack for thread: 0x000001b6b16e31c0
RSP=0x0000006a85eff340 is pointing into the stack for thread: 0x000001b6b16e31c0
RBP=0x0000006a85eff3d0 is pointing into the stack for thread: 0x000001b6b16e31c0
RSI=0x0000000000000010 is an unknown value
RDI=0x0 is null
R8 =0x0 is null
R9 =0x0000000000000010 is an unknown value
R10=0x00007ffd7933309c jvm.dll
R11=0x000001b6c3654440 is at entry_point+32 in (nmethod*)0x000001b6c3654290
Compiled method (n/a) 1989  485     n 0       jdk.internal.misc.Unsafe::putLong (native)
 total in heap  [0x000001b6c3654290,0x000001b6c3654650] = 960
 relocation     [0x000001b6c36543e8,0x000001b6c3654418] = 48
 main code      [0x000001b6c3654420,0x000001b6c365464b] = 555
 stub code      [0x000001b6c365464b,0x000001b6c3654650] = 5
R12=0x0 is null
R13=0x0000006a85eff3e0 is pointing into the stack for thread: 0x000001b6b16e31c0
R14=0x0000006a85eff490 is pointing into the stack for thread: 0x000001b6b16e31c0
R15=0x000001b6b16e31c0 is a thread

Top of Stack: (sp=0x0000006a85eff340)
0x0000006a85eff340:   000001b6d15d3d60 000001b6d156de50
0x0000006a85eff350:   000001b6d156de50 0000000000000001
0x0000006a85eff360:   000000003f4da73f 000001b6c3654527
0x0000006a85eff370:   000001b6d240b890 000001b7171a9b38
0x0000006a85eff380:   000001b7171a9b38 000001b600000000
0x0000006a85eff390:   000000003f4da73f 000000074fa0dd78
0x0000006a85eff3a0:   0000000000000000 000001b7174d6ff0
0x0000006a85eff3b0:   000001b7171a9b38 00007ffd78d86f69
0x0000006a85eff3c0:   0000006a85eff508 00007ffd78d86eab
0x0000006a85eff3d0:   0000006a85eff458 000001b6c30988c0
0x0000006a85eff3e0:   000000003f4da73f 0000000000000000
0x0000006a85eff3f0:   0000000000000010 0000000000000000
0x0000006a85eff400:   0000000000000000 000000074fa0dd78
0x0000006a85eff410:   fffffffffffffff7 000001b7130de82f
0x0000006a85eff420:   0000000000000007 000001b7130e3ad0
0x0000006a85eff430:   000001b71310e618 000000074f6666d8
0x0000006a85eff440:   000001b7130de878 fffffffffffffff1
0x0000006a85eff450:   0000006a85eff468 0000006a85eff4e0
0x0000006a85eff460:   000001b6c30988c0 000000003f4da73f
0x0000006a85eff470:   0000000000000000 0000000000000010
0x0000006a85eff480:   0000000000000000 0000000000000000
0x0000006a85eff490:   000000074f6684c0 fffffffffffffff7
0x0000006a85eff4a0:   000001b713620259 0000000000000005
0x0000006a85eff4b0:   000001b713635578 0000000000000000
0x0000006a85eff4c0:   000000074f2b8d08 000001b713620298
0x0000006a85eff4d0:   fffffffffffffff1 0000006a85eff4f8
0x0000006a85eff4e0:   0000006a85eff558 000001b6c30988c0
0x0000006a85eff4f0:   0000000000000000 0000000000000010
0x0000006a85eff500:   0000000000000000 000000074f5fd3d8
0x0000006a85eff510:   fffffffffffffff7 000001b713626854
0x0000006a85eff520:   0000000000000005 000001b713635578
0x0000006a85eff530:   0000000000000000 000000074f2b8d08 

Instructions: (pc=0x00007ffd78f2f357)
0x00007ffd78f2f257:   24 40 48 8b c7 c7 83 54 04 00 00 04 00 00 00 48
0x00007ffd78f2f267:   8b 5c 24 30 48 83 c4 20 5f c3 cc cc cc cc cc cc
0x00007ffd78f2f277:   cc cc cc cc cc cc cc cc cc 48 89 5c 24 08 48 89
0x00007ffd78f2f287:   74 24 10 57 48 83 ec 20 8b 81 b8 00 00 00 48 8d
0x00007ffd78f2f297:   99 40 fc ff ff 05 53 21 ff ff 49 8b f1 49 8b f8
0x00007ffd78f2f2a7:   83 f8 01 77 08 48 8b cb e8 ac 29 bb ff 80 3d 79
0x00007ffd78f2f2b7:   3d 40 00 00 c7 83 54 04 00 00 06 00 00 00 75 06
0x00007ffd78f2f2c7:   e8 74 35 e9 ff 90 48 8b 83 58 04 00 00 a8 01 74
0x00007ffd78f2f2d7:   0d 45 33 c0 b2 01 48 8b cb e8 cb 70 f0 ff 8b 83
0x00007ffd78f2f2e7:   50 04 00 00 a8 0c 74 08 48 8b cb e8 09 3e bb ff
0x00007ffd78f2f2f7:   48 8d 8b 70 05 00 00 c7 83 54 04 00 00 06 00 00
0x00007ffd78f2f307:   00 e8 f3 64 b6 ff 84 c0 75 51 33 c9 48 85 ff 74
0x00007ffd78f2f317:   33 48 8b c7 83 e0 03 48 83 f8 01 75 0f 48 8d 4f
0x00007ffd78f2f327:   ff ff 15 c2 bb 39 00 48 8b c8 eb 18 48 83 f8 02
0x00007ffd78f2f337:   75 0f 48 8d 4f fe ff 15 dd 2c 39 00 48 8b c8 eb
0x00007ffd78f2f347:   03 48 8b 0f 48 8b 44 24 50 c6 83 80 04 00 00 01
0x00007ffd78f2f357:   48 89 04 31 c6 83 80 04 00 00 00 48 8b bb 98 01
0x00007ffd78f2f367:   00 00 48 8b 47 10 48 83 38 00 74 08 48 8b cf e8
0x00007ffd78f2f377:   85 49 b6 ff 48 8b 4f 08 48 8b 47 10 48 89 41 10
0x00007ffd78f2f387:   48 8b 4f 08 48 8b 47 18 48 89 41 18 48 8b 4f 08
0x00007ffd78f2f397:   48 8b 47 20 48 89 41 20 48 8d 8b a0 03 00 00 e8
0x00007ffd78f2f3a7:   45 96 ad ff 48 8b 74 24 38 90 c7 83 54 04 00 00
0x00007ffd78f2f3b7:   04 00 00 00 48 8b 5c 24 30 48 83 c4 20 5f c3 cc
0x00007ffd78f2f3c7:   cc cc cc cc cc cc cc cc cc 48 89 5c 24 08 48 89
0x00007ffd78f2f3d7:   74 24 10 57 48 83 ec 30 8b 81 b8 00 00 00 48 8d
0x00007ffd78f2f3e7:   99 40 fc ff ff 05 53 21 ff ff 0f 29 74 24 20 49
0x00007ffd78f2f3f7:   8b f1 49 8b f8 83 f8 01 77 08 48 8b cb e8 57 28
0x00007ffd78f2f407:   bb ff 80 3d 24 3c 40 00 00 c7 83 54 04 00 00 06
0x00007ffd78f2f417:   00 00 00 75 06 e8 1f 34 e9 ff 90 48 8b 83 58 04
0x00007ffd78f2f427:   00 00 a8 01 74 0d 45 33 c0 b2 01 48 8b cb e8 76
0x00007ffd78f2f437:   6f f0 ff 8b 83 50 04 00 00 a8 0c 74 08 48 8b cb
0x00007ffd78f2f447:   e8 b4 3c bb ff 48 8d 8b 70 05 00 00 c7 83 54 04 


Stack slot to memory mapping:

stack at sp + 0 slots: 0x000001b6d15d3d60 points into unknown readable memory: 0x00007ffd790c1a00 | 00 1a 0c 79 fd 7f 00 00
stack at sp + 1 slots: 0x000001b6d156de50 points into unknown readable memory: 0x0000000000000000 | 00 00 00 00 00 00 00 00
stack at sp + 2 slots: 0x000001b6d156de50 points into unknown readable memory: 0x0000000000000000 | 00 00 00 00 00 00 00 00
stack at sp + 3 slots: 0x0000000000000001 is an unknown value
stack at sp + 4 slots: 0x000000003f4da73f is an unknown value
stack at sp + 5 slots: 0x000001b6c3654527 is at entry_point+263 in (nmethod*)0x000001b6c3654290
Compiled method (n/a) 2016  485     n 0       jdk.internal.misc.Unsafe::putLong (native)
 total in heap  [0x000001b6c3654290,0x000001b6c3654650] = 960
 relocation     [0x000001b6c36543e8,0x000001b6c3654418] = 48
 main code      [0x000001b6c3654420,0x000001b6c365464b] = 555
 stub code      [0x000001b6c365464b,0x000001b6c3654650] = 5
stack at sp + 6 slots: {method} {0x000001b6d240b898} 'putLong' '(Ljava/lang/Object;JJ)V' in 'jdk/internal/misc/Unsafe'
stack at sp + 7 slots: 0x000001b7171a9b38 points into unknown readable memory: 0x8c003c00c5685f39 | 39 5f 68 c5 00 3c 00 8c


Compiled method (n/a) 2023  485     n 0       jdk.internal.misc.Unsafe::putLong (native)
 total in heap  [0x000001b6c3654290,0x000001b6c3654650] = 960
 relocation     [0x000001b6c36543e8,0x000001b6c3654418] = 48
 main code      [0x000001b6c3654420,0x000001b6c365464b] = 555
 stub code      [0x000001b6c365464b,0x000001b6c3654650] = 5

[Constant Pool (empty)]

[MachCode]
[Entry Point]
  # {method} {0x000001b6d240b898} 'putLong' '(Ljava/lang/Object;JJ)V' in 'jdk/internal/misc/Unsafe'
  # this:     rdx:rdx   = 'jdk/internal/misc/Unsafe'
  # parm0:    r8:r8     = 'java/lang/Object'
  # parm1:    r9:r9     = long
  # parm2:    rdi:rdi   = long
  #           [sp+0x70]  (sp of caller)
  0x000001b6c3654420: 448b 5208 | 49bb 0000 | 00d2 b601 | 0000 4d03 | d349 3bc2 | 0f84 0600 

  0x000001b6c3654438: ;   {runtime_call ic_miss_stub}
  0x000001b6c3654438: 0000 e941 | a5a8 ff90 
[Verified Entry Point]
  0x000001b6c3654440: 8984 2400 | 80ff ff55 | 488b ec48 | 83ec 6090 | 4181 7f20 | 0100 0000 

  0x000001b6c3654458: ;   {runtime_call StubRoutines (final stubs)}
  0x000001b6c3654458: 7405 e861 | 2ba7 ff48 | 897c 2420 | 4c89 4424 | 3049 83f8 | 004c 8d44 | 2430 4c0f | 4444 2430 
  0x000001b6c3654478: 4889 5424 | 2848 83fa | 0048 8d54 | 2428 480f | 4454 2428 

  0x000001b6c365448c: ;   {internal_word}
  0x000001b6c365448c: c5f8 7749 | ba8c 4465 | c3b6 0100 | 004d 8997 | a803 0000 | 4989 a7a0 

  0x000001b6c36544a4: ;   {external_word}
  0x000001b6c36544a4: 0300 0049 | ba9c 3033 | 79fd 7f00 | 0041 803a | 000f 844e | 0000 0052 | 4150 4151 

  0x000001b6c36544c0: ;   {metadata({method} {0x000001b6d240b898} 'putLong' '(Ljava/lang/Object;JJ)V' in 'jdk/internal/misc/Unsafe')}
  0x000001b6c36544c0: 48ba 90b8 | 40d2 b601 | 0000 498b | cf48 83ec | 2040 f6c4 | 0f0f 8419 | 0000 0048 

  0x000001b6c36544dc: ;   {runtime_call}
  0x000001b6c36544dc: 83ec 0848 | b840 b5e3 | 78fd 7f00 | 00ff d048 | 83c4 08e9 | 0c00 0000 

  0x000001b6c36544f4: ;   {runtime_call}
  0x000001b6c36544f4: 48b8 40b5 | e378 fd7f | 0000 ffd0 | 4883 c420 | 4159 4158 | 5a49 8d8f | c003 0000 | 41c7 8754 
  0x000001b6c3654514: 0400 0004 

  0x000001b6c3654518: ;   {runtime_call}
  0x000001b6c3654518: 0000 0048 | b880 f2f2 | 78fd 7f00 | 00ff d0c5 | f877 41c7 | 8754 0400 | 0005 0000 | 00f0 8344 
  0x000001b6c3654538: 24c0 0049 | 3baf 5804 | 0000 0f87 | 0e00 0000 | 4183 bf50 | 0400 0000 | 0f84 2300 | 0000 c5f8 
  0x000001b6c3654558: 7749 8bcf | 4c8b e448 | 83ec 2048 

  0x000001b6c3654564: ;   {runtime_call}
  0x000001b6c3654564: 83e4 f048 | b8d0 1eae | 78fd 7f00 | 00ff d049 | 8be4 4d33 | e441 c787 | 5404 0000 | 0800 0000 
  0x000001b6c3654584: 4183 bfd0 | 0400 0002 | 0f84 9400 

  0x000001b6c3654590: ;   {external_word}
  0x000001b6c3654590: 0000 49ba | 9c30 3379 | fd7f 0000 | 4180 3a00 | 0f84 4400 

  0x000001b6c36545a4: ;   {metadata({method} {0x000001b6d240b898} 'putLong' '(Ljava/lang/Object;JJ)V' in 'jdk/internal/misc/Unsafe')}
  0x000001b6c36545a4: 0000 48ba | 90b8 40d2 | b601 0000 | 498b cf48 | 83ec 2040 | f6c4 0f0f | 8419 0000 | 0048 83ec 
  0x000001b6c36545c4: ;   {runtime_call}
  0x000001b6c36545c4: 0848 b840 | b5e3 78fd | 7f00 00ff | d048 83c4 | 08e9 0c00 

  0x000001b6c36545d8: ;   {runtime_call}
  0x000001b6c36545d8: 0000 48b8 | 40b5 e378 | fd7f 0000 | ffd0 4883 | c420 49c7 | 87a0 0300 | 0000 0000 | 0049 c787 
  0x000001b6c36545f8: a803 0000 | 0000 0000 | c5f8 7749 | 8b8f 3004 | 0000 c781 | 0001 0000 | 0000 0000 | c949 837f 
  0x000001b6c3654618: 0800 0f85 | 0100 0000 

  0x000001b6c3654620: ;   {runtime_call StubRoutines (initial stubs)}
  0x000001b6c3654620: c3e9 dac8 | a3ff c5f8 | 774c 8be4 | 4883 ec20 | 4883 e4f0 

  0x000001b6c3654634: ;   {runtime_call}
  0x000001b6c3654634: 48b8 90ed | e378 fd7f | 0000 ffd0 | 498b e44d | 33e4 e947 | ffff fff4 | f4f4 f4f4 
[/MachCode]


---------------  P R O C E S S  ---------------

Threads class SMR info:
_java_thread_list=0x000001b717490350, length=11, elements={
0x000001b6b16e31c0, 0x000001b6d138d9f0, 0x000001b6d138ea00, 0x000001b6d1391400,
0x000001b6d13942c0, 0x000001b6d1394f40, 0x000001b6d1396900, 0x000001b6d13980d0,
0x000001b6d13ac800, 0x000001b6d15f4470, 0x000001b6d15fe950
}

Java Threads: ( => current thread )
=>0x000001b6b16e31c0 JavaThread "main"                              [_thread_in_vm, id=22240, stack(0x0000006a85e00000,0x0000006a85f00000) (1024K)]
  0x000001b6d138d9f0 JavaThread "Reference Handler"          daemon [_thread_blocked, id=16780, stack(0x0000006a86600000,0x0000006a86700000) (1024K)]
  0x000001b6d138ea00 JavaThread "Finalizer"                  daemon [_thread_blocked, id=11664, stack(0x0000006a86700000,0x0000006a86800000) (1024K)]
  0x000001b6d1391400 JavaThread "Signal Dispatcher"          daemon [_thread_blocked, id=17568, stack(0x0000006a86800000,0x0000006a86900000) (1024K)]
  0x000001b6d13942c0 JavaThread "Attach Listener"            daemon [_thread_blocked, id=15936, stack(0x0000006a86900000,0x0000006a86a00000) (1024K)]
  0x000001b6d1394f40 JavaThread "Service Thread"             daemon [_thread_blocked, id=11176, stack(0x0000006a86a00000,0x0000006a86b00000) (1024K)]
  0x000001b6d1396900 JavaThread "Monitor Deflation Thread"   daemon [_thread_blocked, id=12120, stack(0x0000006a86b00000,0x0000006a86c00000) (1024K)]
  0x000001b6d13980d0 JavaThread "C2 CompilerThread0"         daemon [_thread_blocked, id=16900, stack(0x0000006a86c00000,0x0000006a86d00000) (1024K)]
  0x000001b6d13ac800 JavaThread "C1 CompilerThread0"         daemon [_thread_blocked, id=15792, stack(0x0000006a86d00000,0x0000006a86e00000) (1024K)]
  0x000001b6d15f4470 JavaThread "Notification Thread"        daemon [_thread_blocked, id=12528, stack(0x0000006a86e00000,0x0000006a86f00000) (1024K)]
  0x000001b6d15fe950 JavaThread "Common-Cleaner"             daemon [_thread_blocked, id=7348, stack(0x0000006a86f00000,0x0000006a87000000) (1024K)]
Total: 11

Other Threads:
  0x000001b6d1371b10 VMThread "VM Thread"                           [id=18216, stack(0x0000006a86500000,0x0000006a86600000) (1024K)]
  0x000001b6d1359730 WatcherThread "VM Periodic Task Thread"        [id=15688, stack(0x0000006a86400000,0x0000006a86500000) (1024K)]
  0x000001b6b3877d10 WorkerThread "GC Thread#0"                     [id=16324, stack(0x0000006a85f00000,0x0000006a86000000) (1024K)]
  0x000001b6b38a2420 ConcurrentGCThread "G1 Main Marker"            [id=21228, stack(0x0000006a86000000,0x0000006a86100000) (1024K)]
  0x000001b6b38a2f30 WorkerThread "G1 Conc#0"                       [id=6368, stack(0x0000006a86100000,0x0000006a86200000) (1024K)]
  0x000001b6b38de240 ConcurrentGCThread "G1 Refine#0"               [id=23084, stack(0x0000006a86200000,0x0000006a86300000) (1024K)]
  0x000001b6d1229180 ConcurrentGCThread "G1 Service"                [id=20552, stack(0x0000006a86300000,0x0000006a86400000) (1024K)]
Total: 7

Threads with active compile tasks:
Total: 0

VM state: not at safepoint (normal execution)

VM Mutex/Monitor currently owned by a thread: None

Heap address: 0x0000000744000000, size: 3008 MB, Compressed Oops mode: Zero based, Oop shift amount: 3

CDS archive(s) mapped at: [0x000001b6d2000000-0x000001b6d2c60000-0x000001b6d2c60000), size 12976128, SharedBaseAddress: 0x000001b6d2000000, ArchiveRelocationMode: 1.
Compressed class space mapped at: 0x000001b6d3000000-0x000001b713000000, reserved size: 1073741824
Narrow klass base: 0x000001b6d2000000, Narrow klass shift: 0, Narrow klass range: 0x41000000

GC Precious Log:
 CardTable entry size: 512
 Card Set container configuration: InlinePtr #cards 4 size 8 Array Of Cards #cards 16 size 48 Howl #buckets 8 coarsen threshold 3686 Howl Bitmap #cards 512 size 80 coarsen threshold 460 Card regions per heap region 1 cards per card region 4096
 CPUs: 8 total, 8 available
 Memory: 12030M
 Large Page Support: Disabled
 NUMA Support: Disabled
 Compressed Oops: Enabled (Zero based)
 Heap Region Size: 2M
 Heap Min Capacity: 8M
 Heap Initial Capacity: 188M
 Heap Max Capacity: 3008M
 Pre-touch: Disabled
 Parallel Workers: 8
 Concurrent Workers: 2
 Concurrent Refinement Workers: 8
 Periodic GC: Disabled

Heap:
 garbage-first heap   total reserved 3080192K, committed 192512K, used 10240K [0x0000000744000000, 0x0000000800000000)
  region size 2048K, 6 young (12288K), 0 survivors (0K)
 Metaspace       used 4976K, committed 5184K, reserved 1114112K
  class space    used 235K, committed 320K, reserved 1048576K

Heap Regions: E=young(eden), S=young(survivor), O=old, HS=humongous(starts), HC=humongous(continues), CS=collection set, F=free, TAMS=top-at-mark-start, PB=parsable bottom
|   0|0x0000000744000000, 0x0000000744000000, 0x0000000744200000|  0%| F|  |TAMS 0x0000000744000000| PB 0x0000000744000000| Untracked |  0
|   1|0x0000000744200000, 0x0000000744200000, 0x0000000744400000|  0%| F|  |TAMS 0x0000000744200000| PB 0x0000000744200000| Untracked |  0
|   2|0x0000000744400000, 0x0000000744400000, 0x0000000744600000|  0%| F|  |TAMS 0x0000000744400000| PB 0x0000000744400000| Untracked |  0
|   3|0x0000000744600000, 0x0000000744600000, 0x0000000744800000|  0%| F|  |TAMS 0x0000000744600000| PB 0x0000000744600000| Untracked |  0
|   4|0x0000000744800000, 0x0000000744800000, 0x0000000744a00000|  0%| F|  |TAMS 0x0000000744800000| PB 0x0000000744800000| Untracked |  0
|   5|0x0000000744a00000, 0x0000000744a00000, 0x0000000744c00000|  0%| F|  |TAMS 0x0000000744a00000| PB 0x0000000744a00000| Untracked |  0
|   6|0x0000000744c00000, 0x0000000744c00000, 0x0000000744e00000|  0%| F|  |TAMS 0x0000000744c00000| PB 0x0000000744c00000| Untracked |  0
|   7|0x0000000744e00000, 0x0000000744e00000, 0x0000000745000000|  0%| F|  |TAMS 0x0000000744e00000| PB 0x0000000744e00000| Untracked |  0
|   8|0x0000000745000000, 0x0000000745000000, 0x0000000745200000|  0%| F|  |TAMS 0x0000000745000000| PB 0x0000000745000000| Untracked |  0
|   9|0x0000000745200000, 0x0000000745200000, 0x0000000745400000|  0%| F|  |TAMS 0x0000000745200000| PB 0x0000000745200000| Untracked |  0
|  10|0x0000000745400000, 0x0000000745400000, 0x0000000745600000|  0%| F|  |TAMS 0x0000000745400000| PB 0x0000000745400000| Untracked |  0
|  11|0x0000000745600000, 0x0000000745600000, 0x0000000745800000|  0%| F|  |TAMS 0x0000000745600000| PB 0x0000000745600000| Untracked |  0
|  12|0x0000000745800000, 0x0000000745800000, 0x0000000745a00000|  0%| F|  |TAMS 0x0000000745800000| PB 0x0000000745800000| Untracked |  0
|  13|0x0000000745a00000, 0x0000000745a00000, 0x0000000745c00000|  0%| F|  |TAMS 0x0000000745a00000| PB 0x0000000745a00000| Untracked |  0
|  14|0x0000000745c00000, 0x0000000745c00000, 0x0000000745e00000|  0%| F|  |TAMS 0x0000000745c00000| PB 0x0000000745c00000| Untracked |  0
|  15|0x0000000745e00000, 0x0000000745e00000, 0x0000000746000000|  0%| F|  |TAMS 0x0000000745e00000| PB 0x0000000745e00000| Untracked |  0
|  16|0x0000000746000000, 0x0000000746000000, 0x0000000746200000|  0%| F|  |TAMS 0x0000000746000000| PB 0x0000000746000000| Untracked |  0
|  17|0x0000000746200000, 0x0000000746200000, 0x0000000746400000|  0%| F|  |TAMS 0x0000000746200000| PB 0x0000000746200000| Untracked |  0
|  18|0x0000000746400000, 0x0000000746400000, 0x0000000746600000|  0%| F|  |TAMS 0x0000000746400000| PB 0x0000000746400000| Untracked |  0
|  19|0x0000000746600000, 0x0000000746600000, 0x0000000746800000|  0%| F|  |TAMS 0x0000000746600000| PB 0x0000000746600000| Untracked |  0
|  20|0x0000000746800000, 0x0000000746800000, 0x0000000746a00000|  0%| F|  |TAMS 0x0000000746800000| PB 0x0000000746800000| Untracked |  0
|  21|0x0000000746a00000, 0x0000000746a00000, 0x0000000746c00000|  0%| F|  |TAMS 0x0000000746a00000| PB 0x0000000746a00000| Untracked |  0
|  22|0x0000000746c00000, 0x0000000746c00000, 0x0000000746e00000|  0%| F|  |TAMS 0x0000000746c00000| PB 0x0000000746c00000| Untracked |  0
|  23|0x0000000746e00000, 0x0000000746e00000, 0x0000000747000000|  0%| F|  |TAMS 0x0000000746e00000| PB 0x0000000746e00000| Untracked |  0
|  24|0x0000000747000000, 0x0000000747000000, 0x0000000747200000|  0%| F|  |TAMS 0x0000000747000000| PB 0x0000000747000000| Untracked |  0
|  25|0x0000000747200000, 0x0000000747200000, 0x0000000747400000|  0%| F|  |TAMS 0x0000000747200000| PB 0x0000000747200000| Untracked |  0
|  26|0x0000000747400000, 0x0000000747400000, 0x0000000747600000|  0%| F|  |TAMS 0x0000000747400000| PB 0x0000000747400000| Untracked |  0
|  27|0x0000000747600000, 0x0000000747600000, 0x0000000747800000|  0%| F|  |TAMS 0x0000000747600000| PB 0x0000000747600000| Untracked |  0
|  28|0x0000000747800000, 0x0000000747800000, 0x0000000747a00000|  0%| F|  |TAMS 0x0000000747800000| PB 0x0000000747800000| Untracked |  0
|  29|0x0000000747a00000, 0x0000000747a00000, 0x0000000747c00000|  0%| F|  |TAMS 0x0000000747a00000| PB 0x0000000747a00000| Untracked |  0
|  30|0x0000000747c00000, 0x0000000747c00000, 0x0000000747e00000|  0%| F|  |TAMS 0x0000000747c00000| PB 0x0000000747c00000| Untracked |  0
|  31|0x0000000747e00000, 0x0000000747e00000, 0x0000000748000000|  0%| F|  |TAMS 0x0000000747e00000| PB 0x0000000747e00000| Untracked |  0
|  32|0x0000000748000000, 0x0000000748000000, 0x0000000748200000|  0%| F|  |TAMS 0x0000000748000000| PB 0x0000000748000000| Untracked |  0
|  33|0x0000000748200000, 0x0000000748200000, 0x0000000748400000|  0%| F|  |TAMS 0x0000000748200000| PB 0x0000000748200000| Untracked |  0
|  34|0x0000000748400000, 0x0000000748400000, 0x0000000748600000|  0%| F|  |TAMS 0x0000000748400000| PB 0x0000000748400000| Untracked |  0
|  35|0x0000000748600000, 0x0000000748600000, 0x0000000748800000|  0%| F|  |TAMS 0x0000000748600000| PB 0x0000000748600000| Untracked |  0
|  36|0x0000000748800000, 0x0000000748800000, 0x0000000748a00000|  0%| F|  |TAMS 0x0000000748800000| PB 0x0000000748800000| Untracked |  0
|  37|0x0000000748a00000, 0x0000000748a00000, 0x0000000748c00000|  0%| F|  |TAMS 0x0000000748a00000| PB 0x0000000748a00000| Untracked |  0
|  38|0x0000000748c00000, 0x0000000748c00000, 0x0000000748e00000|  0%| F|  |TAMS 0x0000000748c00000| PB 0x0000000748c00000| Untracked |  0
|  39|0x0000000748e00000, 0x0000000748e00000, 0x0000000749000000|  0%| F|  |TAMS 0x0000000748e00000| PB 0x0000000748e00000| Untracked |  0
|  40|0x0000000749000000, 0x0000000749000000, 0x0000000749200000|  0%| F|  |TAMS 0x0000000749000000| PB 0x0000000749000000| Untracked |  0
|  41|0x0000000749200000, 0x0000000749200000, 0x0000000749400000|  0%| F|  |TAMS 0x0000000749200000| PB 0x0000000749200000| Untracked |  0
|  42|0x0000000749400000, 0x0000000749400000, 0x0000000749600000|  0%| F|  |TAMS 0x0000000749400000| PB 0x0000000749400000| Untracked |  0
|  43|0x0000000749600000, 0x0000000749600000, 0x0000000749800000|  0%| F|  |TAMS 0x0000000749600000| PB 0x0000000749600000| Untracked |  0
|  44|0x0000000749800000, 0x0000000749800000, 0x0000000749a00000|  0%| F|  |TAMS 0x0000000749800000| PB 0x0000000749800000| Untracked |  0
|  45|0x0000000749a00000, 0x0000000749a00000, 0x0000000749c00000|  0%| F|  |TAMS 0x0000000749a00000| PB 0x0000000749a00000| Untracked |  0
|  46|0x0000000749c00000, 0x0000000749c00000, 0x0000000749e00000|  0%| F|  |TAMS 0x0000000749c00000| PB 0x0000000749c00000| Untracked |  0
|  47|0x0000000749e00000, 0x0000000749e00000, 0x000000074a000000|  0%| F|  |TAMS 0x0000000749e00000| PB 0x0000000749e00000| Untracked |  0
|  48|0x000000074a000000, 0x000000074a000000, 0x000000074a200000|  0%| F|  |TAMS 0x000000074a000000| PB 0x000000074a000000| Untracked |  0
|  49|0x000000074a200000, 0x000000074a200000, 0x000000074a400000|  0%| F|  |TAMS 0x000000074a200000| PB 0x000000074a200000| Untracked |  0
|  50|0x000000074a400000, 0x000000074a400000, 0x000000074a600000|  0%| F|  |TAMS 0x000000074a400000| PB 0x000000074a400000| Untracked |  0
|  51|0x000000074a600000, 0x000000074a600000, 0x000000074a800000|  0%| F|  |TAMS 0x000000074a600000| PB 0x000000074a600000| Untracked |  0
|  52|0x000000074a800000, 0x000000074a800000, 0x000000074aa00000|  0%| F|  |TAMS 0x000000074a800000| PB 0x000000074a800000| Untracked |  0
|  53|0x000000074aa00000, 0x000000074aa00000, 0x000000074ac00000|  0%| F|  |TAMS 0x000000074aa00000| PB 0x000000074aa00000| Untracked |  0
|  54|0x000000074ac00000, 0x000000074ac00000, 0x000000074ae00000|  0%| F|  |TAMS 0x000000074ac00000| PB 0x000000074ac00000| Untracked |  0
|  55|0x000000074ae00000, 0x000000074ae00000, 0x000000074b000000|  0%| F|  |TAMS 0x000000074ae00000| PB 0x000000074ae00000| Untracked |  0
|  56|0x000000074b000000, 0x000000074b000000, 0x000000074b200000|  0%| F|  |TAMS 0x000000074b000000| PB 0x000000074b000000| Untracked |  0
|  57|0x000000074b200000, 0x000000074b200000, 0x000000074b400000|  0%| F|  |TAMS 0x000000074b200000| PB 0x000000074b200000| Untracked |  0
|  58|0x000000074b400000, 0x000000074b400000, 0x000000074b600000|  0%| F|  |TAMS 0x000000074b400000| PB 0x000000074b400000| Untracked |  0
|  59|0x000000074b600000, 0x000000074b600000, 0x000000074b800000|  0%| F|  |TAMS 0x000000074b600000| PB 0x000000074b600000| Untracked |  0
|  60|0x000000074b800000, 0x000000074b800000, 0x000000074ba00000|  0%| F|  |TAMS 0x000000074b800000| PB 0x000000074b800000| Untracked |  0
|  61|0x000000074ba00000, 0x000000074ba00000, 0x000000074bc00000|  0%| F|  |TAMS 0x000000074ba00000| PB 0x000000074ba00000| Untracked |  0
|  62|0x000000074bc00000, 0x000000074bc00000, 0x000000074be00000|  0%| F|  |TAMS 0x000000074bc00000| PB 0x000000074bc00000| Untracked |  0
|  63|0x000000074be00000, 0x000000074be00000, 0x000000074c000000|  0%| F|  |TAMS 0x000000074be00000| PB 0x000000074be00000| Untracked |  0
|  64|0x000000074c000000, 0x000000074c000000, 0x000000074c200000|  0%| F|  |TAMS 0x000000074c000000| PB 0x000000074c000000| Untracked |  0
|  65|0x000000074c200000, 0x000000074c200000, 0x000000074c400000|  0%| F|  |TAMS 0x000000074c200000| PB 0x000000074c200000| Untracked |  0
|  66|0x000000074c400000, 0x000000074c400000, 0x000000074c600000|  0%| F|  |TAMS 0x000000074c400000| PB 0x000000074c400000| Untracked |  0
|  67|0x000000074c600000, 0x000000074c600000, 0x000000074c800000|  0%| F|  |TAMS 0x000000074c600000| PB 0x000000074c600000| Untracked |  0
|  68|0x000000074c800000, 0x000000074c800000, 0x000000074ca00000|  0%| F|  |TAMS 0x000000074c800000| PB 0x000000074c800000| Untracked |  0
|  69|0x000000074ca00000, 0x000000074ca00000, 0x000000074cc00000|  0%| F|  |TAMS 0x000000074ca00000| PB 0x000000074ca00000| Untracked |  0
|  70|0x000000074cc00000, 0x000000074cc00000, 0x000000074ce00000|  0%| F|  |TAMS 0x000000074cc00000| PB 0x000000074cc00000| Untracked |  0
|  71|0x000000074ce00000, 0x000000074ce00000, 0x000000074d000000|  0%| F|  |TAMS 0x000000074ce00000| PB 0x000000074ce00000| Untracked |  0
|  72|0x000000074d000000, 0x000000074d000000, 0x000000074d200000|  0%| F|  |TAMS 0x000000074d000000| PB 0x000000074d000000| Untracked |  0
|  73|0x000000074d200000, 0x000000074d200000, 0x000000074d400000|  0%| F|  |TAMS 0x000000074d200000| PB 0x000000074d200000| Untracked |  0
|  74|0x000000074d400000, 0x000000074d400000, 0x000000074d600000|  0%| F|  |TAMS 0x000000074d400000| PB 0x000000074d400000| Untracked |  0
|  75|0x000000074d600000, 0x000000074d600000, 0x000000074d800000|  0%| F|  |TAMS 0x000000074d600000| PB 0x000000074d600000| Untracked |  0
|  76|0x000000074d800000, 0x000000074d800000, 0x000000074da00000|  0%| F|  |TAMS 0x000000074d800000| PB 0x000000074d800000| Untracked |  0
|  77|0x000000074da00000, 0x000000074da00000, 0x000000074dc00000|  0%| F|  |TAMS 0x000000074da00000| PB 0x000000074da00000| Untracked |  0
|  78|0x000000074dc00000, 0x000000074dc00000, 0x000000074de00000|  0%| F|  |TAMS 0x000000074dc00000| PB 0x000000074dc00000| Untracked |  0
|  79|0x000000074de00000, 0x000000074de00000, 0x000000074e000000|  0%| F|  |TAMS 0x000000074de00000| PB 0x000000074de00000| Untracked |  0
|  80|0x000000074e000000, 0x000000074e000000, 0x000000074e200000|  0%| F|  |TAMS 0x000000074e000000| PB 0x000000074e000000| Untracked |  0
|  81|0x000000074e200000, 0x000000074e200000, 0x000000074e400000|  0%| F|  |TAMS 0x000000074e200000| PB 0x000000074e200000| Untracked |  0
|  82|0x000000074e400000, 0x000000074e400000, 0x000000074e600000|  0%| F|  |TAMS 0x000000074e400000| PB 0x000000074e400000| Untracked |  0
|  83|0x000000074e600000, 0x000000074e600000, 0x000000074e800000|  0%| F|  |TAMS 0x000000074e600000| PB 0x000000074e600000| Untracked |  0
|  84|0x000000074e800000, 0x000000074e800000, 0x000000074ea00000|  0%| F|  |TAMS 0x000000074e800000| PB 0x000000074e800000| Untracked |  0
|  85|0x000000074ea00000, 0x000000074ea00000, 0x000000074ec00000|  0%| F|  |TAMS 0x000000074ea00000| PB 0x000000074ea00000| Untracked |  0
|  86|0x000000074ec00000, 0x000000074ec00000, 0x000000074ee00000|  0%| F|  |TAMS 0x000000074ec00000| PB 0x000000074ec00000| Untracked |  0
|  87|0x000000074ee00000, 0x000000074ee00000, 0x000000074f000000|  0%| F|  |TAMS 0x000000074ee00000| PB 0x000000074ee00000| Untracked |  0
|  88|0x000000074f000000, 0x000000074f0f6868, 0x000000074f200000| 48%| E|  |TAMS 0x000000074f000000| PB 0x000000074f000000| Complete |  0
|  89|0x000000074f200000, 0x000000074f400000, 0x000000074f400000|100%| E|CS|TAMS 0x000000074f200000| PB 0x000000074f200000| Complete |  0
|  90|0x000000074f400000, 0x000000074f600000, 0x000000074f600000|100%| E|CS|TAMS 0x000000074f400000| PB 0x000000074f400000| Complete |  0
|  91|0x000000074f600000, 0x000000074f800000, 0x000000074f800000|100%| E|CS|TAMS 0x000000074f600000| PB 0x000000074f600000| Complete |  0
|  92|0x000000074f800000, 0x000000074fa00000, 0x000000074fa00000|100%| E|CS|TAMS 0x000000074f800000| PB 0x000000074f800000| Complete |  0
|  93|0x000000074fa00000, 0x000000074fc00000, 0x000000074fc00000|100%| E|CS|TAMS 0x000000074fa00000| PB 0x000000074fa00000| Complete |  0

Card table byte_map: [0x000001b6cb470000,0x000001b6cba50000] _byte_map_base: 0x000001b6c7a50000

Marking Bits: (CMBitMap*) 0x000001b6b3878420
 Bits: [0x000001b6cba50000, 0x000001b6ce950000)

Polling page: 0x000001b6b2fe0000

Metaspace:

Usage:
  Non-class:      4.63 MB used.
      Class:    235.95 KB used.
       Both:      4.86 MB used.

Virtual space:
  Non-class space:       64.00 MB reserved,       4.75 MB (  7%) committed,  1 nodes.
      Class space:        1.00 GB reserved,     320.00 KB ( <1%) committed,  1 nodes.
             Both:        1.06 GB reserved,       5.06 MB ( <1%) committed. 

Chunk freelists:
   Non-Class:  8.55 MB
       Class:  15.58 MB
        Both:  24.13 MB

MaxMetaspaceSize: unlimited
CompressedClassSpaceSize: 1.00 GB
Initial GC threshold: 21.00 MB
Current GC threshold: 21.00 MB
CDS: on
 - commit_granule_bytes: 65536.
 - commit_granule_words: 8192.
 - virtual_space_node_default_size: 8388608.
 - enlarge_chunks_in_place: 1.
 - use_allocation_guard: 0.


Internal statistics:

num_allocs_failed_limit: 0.
num_arena_births: 68.
num_arena_deaths: 0.
num_vsnodes_births: 2.
num_vsnodes_deaths: 0.
num_space_committed: 80.
num_space_uncommitted: 0.
num_chunks_returned_to_freelist: 0.
num_chunks_taken_from_freelist: 216.
num_chunk_merges: 0.
num_chunk_splits: 154.
num_chunks_enlarged: 118.
num_inconsistent_stats: 0.

CodeHeap 'non-profiled nmethods': size=120000Kb used=186Kb max_used=186Kb free=119813Kb
 bounds [0x000001b6c3630000, 0x000001b6c38a0000, 0x000001b6cab60000]
CodeHeap 'profiled nmethods': size=120000Kb used=830Kb max_used=830Kb free=119169Kb
 bounds [0x000001b6bbb60000, 0x000001b6bbdd0000, 0x000001b6c3090000]
CodeHeap 'non-nmethods': size=5760Kb used=2390Kb max_used=2390Kb free=3369Kb
 bounds [0x000001b6c3090000, 0x000001b6c3300000, 0x000001b6c3630000]
 total_blobs=1678 nmethods=628 adapters=955
 compilation: enabled
              stopped_count=0, restarted_count=0
 full_count=0

Compilation events (20 events):
Event: 1.868 Thread 0x000001b6d13ac800  619       3       java.util.jar.JarFile::getVersionedEntry (133 bytes)
Event: 1.869 Thread 0x000001b6d13ac800 nmethod 619 0x000001b6bbc2b110 code [0x000001b6bbc2b3e0, 0x000001b6bbc2c128]
Event: 1.872 Thread 0x000001b6d13ac800  620       3       java.lang.Math::max (12 bytes)
Event: 1.872 Thread 0x000001b6d13ac800 nmethod 620 0x000001b6bbc2c710 code [0x000001b6bbc2c8a0, 0x000001b6bbc2c9d0]
Event: 1.872 Thread 0x000001b6d13ac800  621       3       jdk.internal.ref.PhantomCleanable::<init> (49 bytes)
Event: 1.873 Thread 0x000001b6d13ac800 nmethod 621 0x000001b6bbc2ca90 code [0x000001b6bbc2cce0, 0x000001b6bbc2d7e8]
Event: 1.873 Thread 0x000001b6d13ac800  622   !   3       jdk.internal.ref.PhantomCleanable::insert (53 bytes)
Event: 1.873 Thread 0x000001b6d13ac800 nmethod 622 0x000001b6bbc2db10 code [0x000001b6bbc2dcc0, 0x000001b6bbc2e078]
Event: 1.873 Thread 0x000001b6d13ac800  623       3       java.lang.StringLatin1::writeDigitPair (21 bytes)
Event: 1.873 Thread 0x000001b6d13ac800 nmethod 623 0x000001b6bbc2e210 code [0x000001b6bbc2e3c0, 0x000001b6bbc2e598]
Event: 1.873 Thread 0x000001b6d13ac800  624       3       jdk.internal.ref.CleanerFactory::cleaner (4 bytes)
Event: 1.873 Thread 0x000001b6d13ac800 nmethod 624 0x000001b6bbc2e710 code [0x000001b6bbc2e8a0, 0x000001b6bbc2e998]
Event: 1.879 Thread 0x000001b6d13ac800  625       1       java.lang.reflect.Method::getName (5 bytes)
Event: 1.879 Thread 0x000001b6d13ac800 nmethod 625 0x000001b6c365e290 code [0x000001b6c365e420, 0x000001b6c365e4f0]
Event: 1.879 Thread 0x000001b6d13ac800  626       3       java.lang.Math::clamp (49 bytes)
Event: 1.879 Thread 0x000001b6d13ac800 nmethod 626 0x000001b6bbc2ea10 code [0x000001b6bbc2ec60, 0x000001b6bbc2f428]
Event: 1.880 Thread 0x000001b6d13ac800  627       3       java.lang.Math::min (12 bytes)
Event: 1.880 Thread 0x000001b6d13ac800 nmethod 627 0x000001b6bbc2f790 code [0x000001b6bbc2f920, 0x000001b6bbc2fa50]
Event: 1.880 Thread 0x000001b6d13ac800  628       1       java.util.zip.ZipEntry::getSize (5 bytes)
Event: 1.880 Thread 0x000001b6d13ac800 nmethod 628 0x000001b6c365e590 code [0x000001b6c365e720, 0x000001b6c365e7e8]

GC Heap History (0 events):
No events

Dll operation events (9 events):
Event: 0.015 Loaded shared library C:\Program Files\Java\jdk-22.0.1\bin\java.dll
Event: 0.057 Loaded shared library C:\Program Files\Java\jdk-22.0.1\bin\jsvml.dll
Event: 0.108 Loaded shared library C:\Program Files\Java\jdk-22.0.1\bin\net.dll
Event: 0.111 Loaded shared library C:\Program Files\Java\jdk-22.0.1\bin\nio.dll
Event: 0.201 Loaded shared library C:\Program Files\Java\jdk-22.0.1\bin\zip.dll
Event: 0.636 Loaded shared library C:\Program Files\Java\jdk-22.0.1\bin\jimage.dll
Event: 0.857 Loaded shared library C:\Users\LENOVO\AppData\Local\Temp\lwjglLENOVO\3.3.1-build-7\lwjgl.dll
Event: 1.484 Loaded shared library C:\Users\LENOVO\AppData\Local\Temp\lwjglLENOVO\3.3.1-build-7\lwjgl_opengl.dll
Event: 1.748 Loaded shared library C:\Program Files\Java\jdk-22.0.1\bin\verify.dll

Deoptimization events (14 events):
Event: 0.603 Thread 0x000001b6b16e31c0 Uncommon trap: trap_request=0xffffff45 fr.pc=0x000001b6c3637d78 relative=0x00000000000002b8
Event: 0.603 Thread 0x000001b6b16e31c0 Uncommon trap: reason=unstable_if action=reinterpret pc=0x000001b6c3637d78 method=java.lang.StringLatin1.hashCode([B)I @ 2 c2
Event: 0.603 Thread 0x000001b6b16e31c0 DEOPT PACKING pc=0x000001b6c3637d78 sp=0x0000006a85efbf30
Event: 0.603 Thread 0x000001b6b16e31c0 DEOPT UNPACKING pc=0x000001b6c30e7da2 sp=0x0000006a85efbe68 mode 2
Event: 0.835 Thread 0x000001b6b16e31c0 DEOPT PACKING pc=0x000001b6bbb7967c sp=0x0000006a85efbe20
Event: 0.835 Thread 0x000001b6b16e31c0 DEOPT UNPACKING pc=0x000001b6c30e88e2 sp=0x0000006a85efb240 mode 0
Event: 1.623 Thread 0x000001b6b16e31c0 Uncommon trap: trap_request=0xffffff54 fr.pc=0x000001b6c3658370 relative=0x0000000000000070
Event: 1.623 Thread 0x000001b6b16e31c0 Uncommon trap: reason=speculate_null_assert action=make_not_entrant pc=0x000001b6c3658370 method=sun.misc.Unsafe.putLong(Ljava/lang/Object;JJ)V @ 7 c2
Event: 1.623 Thread 0x000001b6b16e31c0 DEOPT PACKING pc=0x000001b6c3658370 sp=0x0000006a85eff210
Event: 1.623 Thread 0x000001b6b16e31c0 DEOPT UNPACKING pc=0x000001b6c30e7da2 sp=0x0000006a85eff188 mode 2
Event: 1.881 Thread 0x000001b6b16e31c0 Uncommon trap: trap_request=0xffffff54 fr.pc=0x000001b6c3658f6c relative=0x000000000000006c
Event: 1.881 Thread 0x000001b6b16e31c0 Uncommon trap: reason=speculate_null_assert action=make_not_entrant pc=0x000001b6c3658f6c method=sun.misc.Unsafe.getLong(Ljava/lang/Object;J)J @ 5 c2
Event: 1.881 Thread 0x000001b6b16e31c0 DEOPT PACKING pc=0x000001b6c3658f6c sp=0x0000006a85eff4b0
Event: 1.881 Thread 0x000001b6b16e31c0 DEOPT UNPACKING pc=0x000001b6c30e7da2 sp=0x0000006a85eff438 mode 2

Classes loaded (20 events):
Event: 1.772 Loading class java/io/Reader
Event: 1.772 Loading class java/io/Reader done
Event: 1.772 Loading class java/io/FileReader
Event: 1.772 Loading class java/io/InputStreamReader
Event: 1.773 Loading class java/io/InputStreamReader done
Event: 1.773 Loading class java/io/FileReader done
Event: 1.773 Loading class java/io/BufferedReader
Event: 1.773 Loading class java/io/BufferedReader done
Event: 1.773 Loading class java/io/FileNotFoundException
Event: 1.773 Loading class java/io/FileNotFoundException done
Event: 1.773 Loading class java/lang/Throwable$WrappedPrintStream
Event: 1.773 Loading class java/lang/Throwable$PrintStreamOrWriter
Event: 1.773 Loading class java/lang/Throwable$PrintStreamOrWriter done
Event: 1.773 Loading class java/lang/Throwable$WrappedPrintStream done
Event: 1.774 Loading class java/lang/StackTraceElement$HashedModules
Event: 1.774 Loading class java/lang/StackTraceElement$HashedModules done
Event: 1.791 Loading class java/lang/SecurityException
Event: 1.791 Loading class java/lang/SecurityException done
Event: 1.880 Loading class java/nio/HeapFloatBuffer
Event: 1.881 Loading class java/nio/HeapFloatBuffer done

Classes unloaded (0 events):
No events

Classes redefined (0 events):
No events

Internal exceptions (20 events):
Event: 0.628 Thread 0x000001b6b16e31c0 Exception <a 'java/lang/NoSuchMethodError'{0x000000074f9afdf0}: 'int java.lang.invoke.DirectMethodHandle$Holder.invokeSpecial(java.lang.Object, java.lang.Object, java.lang.Object)'> (0x000000074f9afdf0) 
thrown [s\open\src\hotspot\share\interpreter\linkResolver.cpp, line 774]
Event: 0.631 Thread 0x000001b6b16e31c0 Exception <a 'java/lang/NoSuchMethodError'{0x000000074f9ca7a8}: 'void java.lang.System.loadLibrary(java.lang.String, java.lang.Class)'> (0x000000074f9ca7a8) 
thrown [s\open\src\hotspot\share\interpreter\linkResolver.cpp, line 774]
Event: 0.843 Thread 0x000001b6b16e31c0 Exception <a 'sun/nio/fs/WindowsException'{0x000000074f63a4b8}> (0x000000074f63a4b8) 
thrown [s\open\src\hotspot\share\prims\jni.cpp, line 520]
Event: 0.843 Thread 0x000001b6b16e31c0 Exception <a 'sun/nio/fs/WindowsException'{0x000000074f63a9f8}> (0x000000074f63a9f8) 
thrown [s\open\src\hotspot\share\prims\jni.cpp, line 520]
Event: 1.142 Thread 0x000001b6b16e31c0 Exception <a 'java/lang/NoSuchMethodError'{0x000000074f68c820}: 'int java.lang.invoke.DirectMethodHandle$Holder.invokeStaticInit(java.lang.Object, java.lang.Object, int, long)'> (0x000000074f68c820) 
thrown [s\open\src\hotspot\share\interpreter\linkResolver.cpp, line 774]
Event: 1.142 Thread 0x000001b6b16e31c0 Exception <a 'java/lang/NoSuchMethodError'{0x000000074f691928}: 'java.lang.Object java.lang.invoke.DirectMethodHandle$Holder.newInvokeSpecial(java.lang.Object, java.lang.Object, int)'> (0x000000074f691928) 
thrown [s\open\src\hotspot\share\interpreter\linkResolver.cpp, line 774]
Event: 1.145 Thread 0x000001b6b16e31c0 Exception <a 'java/lang/NoSuchMethodError'{0x000000074f6a0268}: 'int java.lang.invoke.DirectMethodHandle$Holder.invokeStaticInit(java.lang.Object, java.lang.Object, long, long)'> (0x000000074f6a0268) 
thrown [s\open\src\hotspot\share\interpreter\linkResolver.cpp, line 774]
Event: 1.145 Thread 0x000001b6b16e31c0 Exception <a 'java/lang/NoSuchMethodError'{0x000000074f6a5cf0}: 'java.lang.Object java.lang.invoke.DirectMethodHandle$Holder.newInvokeSpecial(java.lang.Object, java.lang.Object, long)'> (0x000000074f6a5cf0) 
thrown [s\open\src\hotspot\share\interpreter\linkResolver.cpp, line 774]
Event: 1.146 Thread 0x000001b6b16e31c0 Exception <a 'java/lang/NoSuchMethodError'{0x000000074f6a9b98}: 'java.lang.Object java.lang.invoke.Invokers$Holder.linkToTargetMethod(java.lang.Object, long, java.lang.Object)'> (0x000000074f6a9b98) 
thrown [s\open\src\hotspot\share\interpreter\linkResolver.cpp, line 774]
Event: 1.146 Thread 0x000001b6b16e31c0 Exception <a 'java/lang/NoSuchMethodError'{0x000000074f6b0df8}: 'int java.lang.invoke.DirectMethodHandle$Holder.invokeStaticInit(java.lang.Object, java.lang.Object, java.lang.Object, long)'> (0x000000074f6b0df8) 
thrown [s\open\src\hotspot\share\interpreter\linkResolver.cpp, line 774]
Event: 1.168 Thread 0x000001b6b16e31c0 Exception <a 'sun/nio/fs/WindowsException'{0x000000074f74d4f0}> (0x000000074f74d4f0) 
thrown [s\open\src\hotspot\share\prims\jni.cpp, line 520]
Event: 1.169 Thread 0x000001b6b16e31c0 Exception <a 'sun/nio/fs/WindowsException'{0x000000074f74d868}> (0x000000074f74d868) 
thrown [s\open\src\hotspot\share\prims\jni.cpp, line 520]
Event: 1.184 Thread 0x000001b6b16e31c0 Exception <a 'java/lang/NoSuchMethodError'{0x000000074f760e30}: 'int java.lang.invoke.Invokers$Holder.invokeExact_MT(java.lang.Object, java.lang.Object)'> (0x000000074f760e30) 
thrown [s\open\src\hotspot\share\interpreter\linkResolver.cpp, line 774]
Event: 1.461 Thread 0x000001b6b16e31c0 Exception <a 'java/lang/NoSuchMethodError'{0x000000074f7cbed8}: 'void java.lang.System.load(java.lang.String, java.lang.Class)'> (0x000000074f7cbed8) 
thrown [s\open\src\hotspot\share\interpreter\linkResolver.cpp, line 774]
Event: 1.462 Thread 0x000001b6b16e31c0 Exception <a 'java/lang/NoSuchMethodError'{0x000000074f7ce928}: 'void java.lang.System.loadLibrary(java.lang.String, java.lang.Class)'> (0x000000074f7ce928) 
thrown [s\open\src\hotspot\share\interpreter\linkResolver.cpp, line 774]
Event: 1.468 Thread 0x000001b6b16e31c0 Exception <a 'sun/nio/fs/WindowsException'{0x000000074f7ddcd8}> (0x000000074f7ddcd8) 
thrown [s\open\src\hotspot\share\prims\jni.cpp, line 520]
Event: 1.469 Thread 0x000001b6b16e31c0 Exception <a 'sun/nio/fs/WindowsException'{0x000000074f7de088}> (0x000000074f7de088) 
thrown [s\open\src\hotspot\share\prims\jni.cpp, line 520]
Event: 1.486 Thread 0x000001b6b16e31c0 Exception <a 'sun/nio/fs/WindowsException'{0x000000074f7e35c8}> (0x000000074f7e35c8) 
thrown [s\open\src\hotspot\share\prims\jni.cpp, line 520]
Event: 1.486 Thread 0x000001b6b16e31c0 Exception <a 'sun/nio/fs/WindowsException'{0x000000074f7e38b8}> (0x000000074f7e38b8) 
thrown [s\open\src\hotspot\share\prims\jni.cpp, line 520]
Event: 1.773 Thread 0x000001b6b16e31c0 Exception <a 'java/io/FileNotFoundException'{0x000000074f5fa3d0}> (0x000000074f5fa3d0) 
thrown [s\open\src\hotspot\share\prims\jni.cpp, line 520]

ZGC Phase Switch (0 events):
No events

VM Operations (6 events):
Event: 0.202 Executing VM operation: HandshakeAllThreads (Deoptimize)
Event: 0.202 Executing VM operation: HandshakeAllThreads (Deoptimize) done
Event: 1.209 Executing VM operation: Cleanup
Event: 1.210 Executing VM operation: Cleanup done
Event: 1.783 Executing VM operation: HandshakeAllThreads (Deoptimize)
Event: 1.783 Executing VM operation: HandshakeAllThreads (Deoptimize) done

Events (13 events):
Event: 0.034 Thread 0x000001b6b16e31c0 Thread added: 0x000001b6b16e31c0
Event: 0.054 Thread 0x000001b6d138d9f0 Thread added: 0x000001b6d138d9f0
Event: 0.054 Thread 0x000001b6d138ea00 Thread added: 0x000001b6d138ea00
Event: 0.054 Thread 0x000001b6d1391400 Thread added: 0x000001b6d1391400
Event: 0.054 Thread 0x000001b6d13942c0 Thread added: 0x000001b6d13942c0
Event: 0.054 Thread 0x000001b6d1394f40 Thread added: 0x000001b6d1394f40
Event: 0.054 Thread 0x000001b6d1396900 Thread added: 0x000001b6d1396900
Event: 0.055 Thread 0x000001b6d13980d0 Thread added: 0x000001b6d13980d0
Event: 0.055 Thread 0x000001b6d13ac800 Thread added: 0x000001b6d13ac800
Event: 0.096 Thread 0x000001b6d15f4470 Thread added: 0x000001b6d15f4470
Event: 0.100 Thread 0x000001b6d15fe950 Thread added: 0x000001b6d15fe950
Event: 1.502 Thread 0x000001b717440200 Thread added: 0x000001b717440200
Event: 1.623 Thread 0x000001b717440200 Thread exited: 0x000001b717440200


Dynamic libraries:
0x00007ff74d680000 - 0x00007ff74d690000 	C:\Program Files\Java\jdk-22.0.1\bin\javaw.exe
0x00007ffdf3010000 - 0x00007ffdf3227000 	C:\WINDOWS\SYSTEM32\ntdll.dll
0x00007ffdb96d0000 - 0x00007ffdb96ea000 	C:\Program Files\Avast Software\Avast\aswhook.dll
0x00007ffdf1fa0000 - 0x00007ffdf2064000 	C:\WINDOWS\System32\KERNEL32.DLL
0x00007ffdf0520000 - 0x00007ffdf08cd000 	C:\WINDOWS\System32\KERNELBASE.dll
0x00007ffdf08d0000 - 0x00007ffdf09e1000 	C:\WINDOWS\System32\ucrtbase.dll
0x00007ffdd17c0000 - 0x00007ffdd17db000 	C:\Program Files\Java\jdk-22.0.1\bin\VCRUNTIME140.dll
0x00007ffdd12b0000 - 0x00007ffdd12c7000 	C:\Program Files\Java\jdk-22.0.1\bin\jli.dll
0x00007ffdf12b0000 - 0x00007ffdf1362000 	C:\WINDOWS\System32\ADVAPI32.dll
0x00007ffdf1cf0000 - 0x00007ffdf1d97000 	C:\WINDOWS\System32\msvcrt.dll
0x00007ffdf1720000 - 0x00007ffdf17c9000 	C:\WINDOWS\System32\sechost.dll
0x00007ffdf0cf0000 - 0x00007ffdf0d18000 	C:\WINDOWS\System32\bcrypt.dll
0x00007ffdf2eb0000 - 0x00007ffdf2fc4000 	C:\WINDOWS\System32\RPCRT4.dll
0x00007ffdf1800000 - 0x00007ffdf19ae000 	C:\WINDOWS\System32\USER32.dll
0x00007ffdf0d20000 - 0x00007ffdf0d46000 	C:\WINDOWS\System32\win32u.dll
0x00007ffdd5800000 - 0x00007ffdd5a93000 	C:\WINDOWS\WinSxS\amd64_microsoft.windows.common-controls_6595b64144ccf1df_6.0.22621.3672_none_2713b9d173822955\COMCTL32.dll
0x00007ffdf17d0000 - 0x00007ffdf17f9000 	C:\WINDOWS\System32\GDI32.dll
0x00007ffdf0b60000 - 0x00007ffdf0c79000 	C:\WINDOWS\System32\gdi32full.dll
0x00007ffdf0340000 - 0x00007ffdf03da000 	C:\WINDOWS\System32\msvcp_win.dll
0x00007ffde4010000 - 0x00007ffde401a000 	C:\WINDOWS\SYSTEM32\VERSION.dll
0x00007ffdf2e50000 - 0x00007ffdf2e81000 	C:\WINDOWS\System32\IMM32.DLL
0x00007ffdd7270000 - 0x00007ffdd727c000 	C:\Program Files\Java\jdk-22.0.1\bin\vcruntime140_1.dll
0x00007ffdcdec0000 - 0x00007ffdcdf4e000 	C:\Program Files\Java\jdk-22.0.1\bin\msvcp140.dll
0x00007ffd786f0000 - 0x00007ffd79437000 	C:\Program Files\Java\jdk-22.0.1\bin\server\jvm.dll
0x00007ffdf0d50000 - 0x00007ffdf0dc1000 	C:\WINDOWS\System32\WS2_32.dll
0x00007ffdf0200000 - 0x00007ffdf024d000 	C:\WINDOWS\SYSTEM32\POWRPROF.dll
0x00007ffdea2c0000 - 0x00007ffdea2f4000 	C:\WINDOWS\SYSTEM32\WINMM.dll
0x00007ffdf01e0000 - 0x00007ffdf01f3000 	C:\WINDOWS\SYSTEM32\UMPDC.dll
0x00007ffdef2d0000 - 0x00007ffdef2e8000 	C:\WINDOWS\SYSTEM32\kernel.appcore.dll
0x00007ffdd1220000 - 0x00007ffdd122a000 	C:\Program Files\Java\jdk-22.0.1\bin\jimage.dll
0x00007ffded9a0000 - 0x00007ffdedbd2000 	C:\WINDOWS\SYSTEM32\DBGHELP.DLL
0x00007ffdf1370000 - 0x00007ffdf16f8000 	C:\WINDOWS\System32\combase.dll
0x00007ffdf19b0000 - 0x00007ffdf1a87000 	C:\WINDOWS\System32\OLEAUT32.dll
0x00007ffde44b0000 - 0x00007ffde44e2000 	C:\WINDOWS\SYSTEM32\dbgcore.DLL
0x00007ffdf03e0000 - 0x00007ffdf045b000 	C:\WINDOWS\System32\bcryptPrimitives.dll
0x00007ffdcfc60000 - 0x00007ffdcfc7e000 	C:\Program Files\Java\jdk-22.0.1\bin\java.dll
0x00007ffdf2230000 - 0x00007ffdf2a8f000 	C:\WINDOWS\System32\SHELL32.dll
0x00007ffdf2070000 - 0x00007ffdf2215000 	C:\WINDOWS\System32\ole32.dll
0x00007ffdee240000 - 0x00007ffdeeb3c000 	C:\WINDOWS\SYSTEM32\windows.storage.dll
0x00007ffdee100000 - 0x00007ffdee23f000 	C:\WINDOWS\SYSTEM32\wintypes.dll
0x00007ffdf1ba0000 - 0x00007ffdf1c94000 	C:\WINDOWS\System32\SHCORE.dll
0x00007ffdf1250000 - 0x00007ffdf12ae000 	C:\WINDOWS\System32\shlwapi.dll
0x00007ffdf0270000 - 0x00007ffdf0291000 	C:\WINDOWS\SYSTEM32\profapi.dll
0x00007ffdcdde0000 - 0x00007ffdcdeb7000 	C:\Program Files\Java\jdk-22.0.1\bin\jsvml.dll
0x00007ffdcf790000 - 0x00007ffdcf7a0000 	C:\Program Files\Java\jdk-22.0.1\bin\net.dll
0x00007ffdef790000 - 0x00007ffdef7f9000 	C:\WINDOWS\system32\mswsock.dll
0x00007ffdcdba0000 - 0x00007ffdcdbb6000 	C:\Program Files\Java\jdk-22.0.1\bin\nio.dll
0x00007ffdd7280000 - 0x00007ffdd7297000 	C:\Program Files\Java\jdk-22.0.1\bin\zip.dll
0x00007ffd94900000 - 0x00007ffd94975000 	C:\Users\LENOVO\AppData\Local\Temp\lwjglLENOVO\3.3.1-build-7\lwjgl.dll
0x00007ffd94610000 - 0x00007ffd94671000 	C:\Users\LENOVO\AppData\Local\Temp\lwjglLENOVO\3.3.1-build-7\glfw.dll
0x00007ffd9b1f0000 - 0x00007ffd9b236000 	C:\WINDOWS\SYSTEM32\dinput8.dll
0x00007ffdcefe0000 - 0x00007ffdceff1000 	C:\WINDOWS\SYSTEM32\xinput1_4.dll
0x00007ffdeff40000 - 0x00007ffdeff8e000 	C:\WINDOWS\SYSTEM32\cfgmgr32.dll
0x00007ffdeff00000 - 0x00007ffdeff2c000 	C:\WINDOWS\SYSTEM32\DEVOBJ.dll
0x00007ffdecc00000 - 0x00007ffdecc2b000 	C:\WINDOWS\SYSTEM32\dwmapi.dll
0x00007ffdcf500000 - 0x00007ffdcf70e000 	C:\WINDOWS\SYSTEM32\inputhost.dll
0x00007ffde9570000 - 0x00007ffde96a3000 	C:\WINDOWS\SYSTEM32\CoreMessaging.dll
0x00007ffdec830000 - 0x00007ffdec8df000 	C:\WINDOWS\system32\uxtheme.dll
0x00007ffdf2a90000 - 0x00007ffdf2be3000 	C:\WINDOWS\System32\MSCTF.dll
0x00007ffdef9a0000 - 0x00007ffdef9ac000 	C:\WINDOWS\SYSTEM32\CRYPTBASE.DLL
0x00007ffdcaef0000 - 0x00007ffdcaff0000 	C:\WINDOWS\SYSTEM32\opengl32.dll
0x00007ffdcfb50000 - 0x00007ffdcfb7d000 	C:\WINDOWS\SYSTEM32\GLU32.dll
0x00007ffdecfb0000 - 0x00007ffdecfe9000 	C:\WINDOWS\SYSTEM32\dxcore.dll
0x00007ffde77d0000 - 0x00007ffde7819000 	C:\WINDOWS\SYSTEM32\directxdatabasehelper.dll
0x00007ffdf1a90000 - 0x00007ffdf1b40000 	C:\WINDOWS\System32\clbcatq.dll
0x00007ffd710f0000 - 0x00007ffd72161000 	C:\WINDOWS\System32\DriverStore\FileRepository\iigd_dch.inf_amd64_535ad830186013d4\ig11icd64.dll
0x00007ffdede70000 - 0x00007ffdedf67000 	C:\WINDOWS\system32\dxgi.dll
0x00007ffd75c70000 - 0x00007ffd760f7000 	C:\WINDOWS\System32\DriverStore\FileRepository\iigd_dch.inf_amd64_535ad830186013d4\igdml64.dll
0x00007ffde1ee0000 - 0x00007ffde22a1000 	C:\WINDOWS\System32\DriverStore\FileRepository\iigd_dch.inf_amd64_535ad830186013d4\igdgmm64.dll
0x00007ffddecd0000 - 0x00007ffde1ed6000 	C:\WINDOWS\System32\DriverStore\FileRepository\iigd_dch.inf_amd64_535ad830186013d4\igc64.dll
0x00007ffdde4d0000 - 0x00007ffdde61e000 	C:\WINDOWS\SYSTEM32\textinputframework.dll
0x00007ffde7460000 - 0x00007ffde77cd000 	C:\WINDOWS\SYSTEM32\CoreUIComponents.dll
0x00007ffdcad10000 - 0x00007ffdcad79000 	C:\WINDOWS\system32\Oleacc.dll
0x00007ffd93550000 - 0x00007ffd935ad000 	C:\Users\LENOVO\AppData\Local\Temp\lwjglLENOVO\3.3.1-build-7\lwjgl_opengl.dll
0x00007ffdcf0e0000 - 0x00007ffdcf0f0000 	C:\Program Files\Java\jdk-22.0.1\bin\verify.dll

dbghelp: loaded successfully - version: 4.0.5 - missing functions: none
symbol engine: initialized successfully - sym options: 0x614 - pdb path: .;C:\Program Files\Java\jdk-22.0.1\bin;C:\WINDOWS\SYSTEM32;C:\Program Files\Avast Software\Avast;C:\WINDOWS\WinSxS\amd64_microsoft.windows.common-controls_6595b64144ccf1df_6.0.22621.3672_none_2713b9d173822955;C:\Program Files\Java\jdk-22.0.1\bin\server;C:\Users\LENOVO\AppData\Local\Temp\lwjglLENOVO\3.3.1-build-7;C:\WINDOWS\System32\DriverStore\FileRepository\iigd_dch.inf_amd64_535ad830186013d4

VM Arguments:
jvm_args: -Dfile.encoding=UTF-8 -Dstdout.encoding=UTF-8 -Dstderr.encoding=UTF-8 -XX:+ShowCodeDetailsInExceptionMessages 
java_command: objViewer.Main
java_class_path (initial): C:\Users\LENOVO\Eclipse_Projects\Modelo3D\Modelo\bin\main;C:\Users\LENOVO\.gradle\caches\modules-2\files-2.1\org.lwjgl\lwjgl-glfw\3.3.1\cbac1b8d30cb4795149c1ef540f912671a8616d0\lwjgl-glfw-3.3.1.jar;C:\Users\LENOVO\.gradle\caches\modules-2\files-2.1\org.lwjgl\lwjgl-opengl\3.3.1\831a5533a21a5f4f81bbc51bb13e9899319b5411\lwjgl-opengl-3.3.1.jar;C:\Users\LENOVO\.gradle\caches\modules-2\files-2.1\org.lwjgl\lwjgl\3.3.1\ae58664f88e18a9bb2c77b063833ca7aaec484cb\lwjgl-3.3.1.jar;C:\Users\LENOVO\.gradle\caches\modules-2\files-2.1\org.joml\joml\1.10.5\22566d58af70ad3d72308bab63b8339906deb649\joml-1.10.5.jar;C:\Users\LENOVO\.gradle\caches\modules-2\files-2.1\de.javagl\obj\0.4.0\551dfcd4074cd8c9382941fe4f9d5b30f47d8460\obj-0.4.0.jar;C:\Users\LENOVO\.gradle\caches\modules-2\files-2.1\org.slf4j\slf4j-api\1.7.30\b5a4b6d16ab13e34a88fae84c35cd5d68cac922c\slf4j-api-1.7.30.jar;C:\Users\LENOVO\.gradle\caches\modules-2\files-2.1\org.lwjgl\lwjgl-glfw\3.3.1\ed892f945cf7e79c8756796f32d00fa4ceaf573b\lwjgl-glfw-3.3.1-natives-windows.jar;C:\Users\LENOVO\.gradle\caches\modules-2\files-2.1\org.lwjgl\lwjgl-glfw\3.3.1\81716978214ecbda15050ca394b06ef61501a49e\lwjgl-glfw-3.3.1-natives-linux.jar;C:\Users\LENOVO\.gradle\caches\modules-2\files-2.1\org.lwjgl\lwjgl-glfw\3.3.1\9ec4ce1fc8c85fdef03ef4ff2aace6f5775fb280\lwjgl-glfw-3.3.1-natives-macos.jar;C:\Users\LENOVO\.gradle\caches\modules-2\files-2.1\org.lwjgl\lwjgl-opengl\3.3.1\c1807e9bd571402787d7e37e3029776ae2513bb8\lwjgl-opengl-3.3.1-natives-windows.jar;C:\Users\LENOVO\.gradle\caches\modules-2\files-2.1\org.lwjgl\lwjgl-opengl\3.3.1\ab9ab6fde3743e3550fa5d46d785ecb45b047d99\lwjgl-opengl-3.3.1-natives-linux.jar;C:\Users\LENOVO\.gradle\caches\modules-2\files-2.1\org.lwjgl\lwjgl-opengl\3.3.1\a0d12697ea019a7362eff26475b0531340e876a6\lwjgl-opengl-3.3.1-natives-macos.jar;C:\Users\LENOVO\.gradle\caches\modules-2\files-2.1\org.lwjgl\lwjgl\3.3.1\36c37f16ab611b3aa11f3bcf80b1d509b4ce6b\lwjgl-3.3.1-natives-windows.jar;C:\Users\LENOVO\.gradle\caches\modules-2\files-2.1\org.lwjgl\lwjgl\3.3.1\1de885aba434f934201b99f2f1afb142036ac189\lwjgl-3.3.1-natives-linux.jar;C:\Users\LENOVO\.gradle\caches\modules-2\files-2.1\org.lwjgl\lwjgl\3.3.1\fc6bb723dec2cd031557dccb2a95f0ab80acb9db\lwjgl-3.3.1-natives-macos.jar;C:\Users\LENOVO\.gradle\caches\modules-2\files-2.1\ch.qos.logback\logback-classic\1.2.3\7c4f3c474fb2c041d8028740440937705ebb473a\logback-classic-1.2.3.jar;C:\Users\LENOVO\.gradle\caches\modules-2\files-2.1\ch.qos.logback\logback-core\1.2.3\864344400c3d4d92dfeb0a305dc87d953677c03c\logback-core-1.2.3.jar
Launcher Type: SUN_STANDARD

[Global flags]
     intx CICompilerCount                          = 4                                         {product} {ergonomic}
     uint ConcGCThreads                            = 2                                         {product} {ergonomic}
     uint G1ConcRefinementThreads                  = 8                                         {product} {ergonomic}
   size_t G1HeapRegionSize                         = 2097152                                   {product} {ergonomic}
   size_t InitialHeapSize                          = 197132288                                 {product} {ergonomic}
   size_t MarkStackSize                            = 4194304                                   {product} {ergonomic}
   size_t MaxHeapSize                              = 3154116608                                {product} {ergonomic}
   size_t MaxNewSize                               = 1891631104                                {product} {ergonomic}
   size_t MinHeapDeltaBytes                        = 2097152                                   {product} {ergonomic}
   size_t MinHeapSize                              = 8388608                                   {product} {ergonomic}
    uintx NonNMethodCodeHeapSize                   = 5839372                                {pd product} {ergonomic}
    uintx NonProfiledCodeHeapSize                  = 122909434                              {pd product} {ergonomic}
    uintx ProfiledCodeHeapSize                     = 122909434                              {pd product} {ergonomic}
    uintx ReservedCodeCacheSize                    = 251658240                              {pd product} {ergonomic}
     bool SegmentedCodeCache                       = true                                      {product} {ergonomic}
     bool ShowCodeDetailsInExceptionMessages       = true                                   {manageable} {command line}
   size_t SoftMaxHeapSize                          = 3154116608                             {manageable} {ergonomic}
     bool UseCompressedOops                        = true                           {product lp64_product} {ergonomic}
     bool UseG1GC                                  = true                                      {product} {ergonomic}
     bool UseLargePagesIndividualAllocation        = false                                  {pd product} {ergonomic}

Logging:
Log output configuration:
 #0: stdout all=warning uptime,level,tags foldmultilines=false
 #1: stderr all=off uptime,level,tags foldmultilines=false

Environment Variables:
JAVA_HOME=C:\Program Files\Java\jdk-18.0.1.1
PATH=C:/Users/LENOVO/Downloads/eclipse-java-2024-03-R-win32-x86_64/eclipse//plugins/org.eclipse.justj.openjdk.hotspot.jre.full.win32.x86_64_21.0.3.v20240426-1530/jre/bin/server;C:/Users/LENOVO/Downloads/eclipse-java-2024-03-R-win32-x86_64/eclipse//plugins/org.eclipse.justj.openjdk.hotspot.jre.full.win32.x86_64_21.0.3.v20240426-1530/jre/bin;C:\Program Files\Common Files\Oracle\Java\javapath;C:\Program Files (x86)\Common Files\Oracle\Java\javapath;C:\WINDOWS\system32;C:\WINDOWS;C:\WINDOWS\System32\Wbem;C:\WINDOWS\System32\WindowsPowerShell\v1.0\;C:\WINDOWS\System32\OpenSSH\;C:\Program Files\Microsoft SQL Server\Client SDK\ODBC\170\Tools\Binn\;C:\Program Files\dotnet\;C:\Program Files\nodejs\;C:\Program Files\MATLAB\R2022a\runtime\win64;C:\Program Files\MATLAB\R2022a\bin;C:\Program Files\Azure Data Studio\bin;C:\Program Files\Docker\Docker\resources\bin;C:\Program Files\Microsoft VS Code\bin;C:\Program Files\Microsoft SQL Server\130\Tools\Binn\;C:\Program Files\Git\cmd;C:\Program Files\Git\mingw64\bin;C:\Program Files\Git\usr\bin;C:\Users\LENOVO\AppData\Local\Programs\Python\Python312\Scripts\;C:\Users\LENOVO\AppData\Local\Programs\Python\Python312\;C:\Users\LENOVO\anaconda3;C:\Users\LENOVO\anaconda3\Library\mingw-w64\bin;C:\Users\LENOVO\anaconda3\Library\usr\bin;C:\Users\LENOVO\anaconda3\Library\bin;C:\Users\LENOVO\anaconda3\Scripts;C:\Users\LENOVO\AppData\Local\Programs\Python\Python310\Scripts\;C:\Users\LENOVO\AppData\Local\Programs\Python\Python310\;C:\Users\LENOVO\AppData\Local\Programs\Python\Python39\Scripts\;C:\Users\LENOVO\AppData\Local\Programs\Python\Python39\;C:\Users\LENOVO\AppData\Local\Microsoft\WindowsApps;C:\Users\LENOVO\AppData\Local\Programs\Microsoft VS Code\bin;C:\Users\LENOVO\.dotnet\tools;C:\Users\LENOVO\AppData\Roaming\npm;C:\Program Files\MongoDB\Server\5.0\bin;C:\Program Files\Java\jdk-18.0.1.1\bin;C:\Users\LENOVO\AppData\Roaming\TinyTeX\bin\win32;;C:\Program Files\Azure Data Studio\bin;C:\Users\LENOVO\AppData\Local\Programs\oh-my-posh\bin;C:\Users\LENOVO\Downloads\eclipse-java-2024-03-R-win32-x86_64\eclipse;
USERNAME=LENOVO
OS=Windows_NT
PROCESSOR_IDENTIFIER=Intel64 Family 6 Model 126 Stepping 5, GenuineIntel
TMP=C:\Users\LENOVO\AppData\Local\Temp
TEMP=C:\Users\LENOVO\AppData\Local\Temp




Periodic native trim disabled

---------------  S Y S T E M  ---------------

OS:
 Windows 11 , 64 bit Build 22621 (10.0.22621.3672)
OS uptime: 2 days 13:27 hours
Hyper-V role detected

CPU: total 8 (initial active 8) (4 cores per cpu, 2 threads per core) family 6 model 126 stepping 5 microcode 0xa6, cx8, cmov, fxsr, ht, mmx, 3dnowpref, sse, sse2, sse3, ssse3, sse4.1, sse4.2, popcnt, lzcnt, tsc, tscinvbit, avx, avx2, aes, erms, clmul, bmi1, bmi2, adx, avx512f, avx512dq, avx512cd, avx512bw, avx512vl, sha, fma, vzeroupper, avx512_vpopcntdq, avx512_vpclmulqdq, avx512_vaes, avx512_vnni, clflush, clflushopt, avx512_vbmi2, avx512_vbmi, hv, rdtscp, rdpid, fsrm, gfni, avx512_bitalg, f16c, avx512_ifma
Processor Information for all 8 processors :
  Max Mhz: 1190, Current Mhz: 991, Mhz Limit: 987

Memory: 4k page, system-wide physical 12030M (2406M free)
TotalPageFile size 17662M (AvailPageFile size 6102M)
current process WorkingSet (physical memory assigned to process): 119M, peak: 119M
current process commit charge ("private bytes"): 315M, peak: 316M

vm_info: Java HotSpot(TM) 64-Bit Server VM (22.0.1+8-16) for windows-amd64 JRE (22.0.1+8-16), built on 2024-03-12T10:33:16Z by "mach5one" with MS VC++ 17.6 (VS2022)

END.
