#
# A fatal error has been detected by the Java Runtime Environment:
#
#  EXCEPTION_ACCESS_VIOLATION (0xc0000005) at pc=0x00007ffd66924307, pid=20052, tid=13212
#
# JRE version: Java(TM) SE Runtime Environment (22.0.1+8) (build 22.0.1+8-16)
# Java VM: Java HotSpot(TM) 64-Bit Server VM (22.0.1+8-16, mixed mode, sharing, tiered, compressed oops, compressed class ptrs, g1 gc, windows-amd64)
# Problematic frame:
# C  [ig11icd64.dll+0x24307]
#
# No core dump will be written. Minidumps are not enabled by default on client versions of Windows
#
# If you would like to submit a bug report, please visit:
#   https://bugreport.java.com/bugreport/crash.jsp
# The crash happened outside the Java Virtual Machine in native code.
# See problematic frame for where to report the bug.
#

---------------  S U M M A R Y ------------

Command Line: -Dfile.encoding=UTF-8 -Dstdout.encoding=UTF-8 -Dstderr.encoding=UTF-8 -XX:+ShowCodeDetailsInExceptionMessages objViewer.Main

Host: Intel(R) Core(TM) i5-1035G1 CPU @ 1.00GHz, 8 cores, 11G,  Windows 11 , 64 bit Build 22621 (10.0.22621.3672)
Time: Sun Jul 28 17:17:41 2024 SA Pacific Standard Time elapsed time: 0.731187 seconds (0d 0h 0m 0s)

---------------  T H R E A D  ---------------

Current thread (0x000001c169fa5240):  JavaThread "main"             [_thread_in_native, id=13212, stack(0x000000ba2e500000,0x000000ba2e600000) (1024K)]

Stack: [0x000000ba2e500000,0x000000ba2e600000],  sp=0x000000ba2e5ff410,  free space=1021k
Native frames: (J=compiled Java code, j=interpreted, Vv=VM code, C=native code)
C  [ig11icd64.dll+0x24307]  (no source info available)
C  [ig11icd64.dll+0x809dd4]  (no source info available)
C  [ig11icd64.dll+0xa329c6]  (no source info available)
C  [ig11icd64.dll+0x975999]  (no source info available)
C  0x000001c107afbd90  (no source info available)

The last pc belongs to native nmethod (printed below).
Java frames: (J=compiled Java code, j=interpreted, Vv=VM code)
J 587  org.lwjgl.opengl.GL11C.glClear(I)V (0 bytes) @ 0x000001c107afbcf9 [0x000001c107afbca0+0x0000000000000059]
J 592% c2 objViewer.Window.init()V (321 bytes) @ 0x000001c107afc7d4 [0x000001c107afc760+0x0000000000000074]
j  objViewer.Main.init()V+49
j  objViewer.Main.run()V+1
j  objViewer.Main.main([Ljava/lang/String;)V+7
v  ~StubRoutines::call_stub 0x000001c10753100d

siginfo: EXCEPTION_ACCESS_VIOLATION (0xc0000005), writing address 0x000001c158550000


Registers:
RAX=0x00000000680b0000, RBX=0x0000000000000000, RCX=0x000001c158550000, RDX=0x00007ffd678939e0
RSP=0x000000ba2e5ff410, RBP=0x000001c1545e6340, RSI=0x0000000000004100, RDI=0x000001c15461aee8
R8 =0x0000000000000004, R9 =0x0000000000000000, R10=0x0000000000000000, R11=0x0000000000000000
R12=0x0000000000000000, R13=0x0000000000000500, R14=0x000001c1547cba60, R15=0x000001c169fa5240
RIP=0x00007ffd66924307, EFLAGS=0x0000000000010202


Register to memory mapping:

RAX=0x00000000680b0000 is an unknown value
RBX=0x0 is null
RCX=0x000001c158550000 is an unknown value
RDX=0x00007ffd678939e0 ig11icd64.dll
RSP=0x000000ba2e5ff410 is pointing into the stack for thread: 0x000001c169fa5240
RBP=0x000001c1545e6340 points into unknown readable memory: 0x000001c154571380 | 80 13 57 54 c1 01 00 00
RSI=0x0000000000004100 is an unknown value
RDI=0x000001c15461aee8 points into unknown readable memory: 0x000000ba00000000 | 00 00 00 00 ba 00 00 00
R8 =0x0000000000000004 is an unknown value
R9 =0x0 is null
R10=0x0 is null
R11=0x0 is null
R12=0x0 is null
R13=0x0000000000000500 is an unknown value
R14=0x000001c1547cba60 points into unknown readable memory: 0x0000010100000000 | 00 00 00 00 01 01 00 00
R15=0x000001c169fa5240 is a thread

Top of Stack: (sp=0x000000ba2e5ff410)
0x000000ba2e5ff410:   0000000000000007 000001c15461fdc0
0x000000ba2e5ff420:   0000000000000001 0000000000000000
0x000000ba2e5ff430:   0000000000000000 00007ffd67109dd4
0x000000ba2e5ff440:   0000000000000000 000002d000000500
0x000000ba2e5ff450:   000000ba2e5ff440 000000ba2e5ff470
0x000000ba2e5ff460:   000000ba2e5ff430 0000000000000000
0x000000ba2e5ff470:   0000000000000000 3f80000000000000
0x000000ba2e5ff480:   3ff0000000000000 00007ffd00000700
0x000000ba2e5ff490:   00009f48d02bc3e0 3f8000003f7ae148
0x000000ba2e5ff4a0:   000000ba2e5ff610 000001c1545e6340
0x000000ba2e5ff4b0:   0000000000004100 000000ba2e5ff620
0x000000ba2e5ff4c0:   000000ba2e5ff5a0 00007ffd673329c6
0x000000ba2e5ff4d0:   ffffffffffffffff 0000000000000000
0x000000ba2e5ff4e0:   ffffffffffffffff 0000000000000000
0x000000ba2e5ff4f0:   000001c100000000 00007ffd00000500
0x000000ba2e5ff500:   000001c1000002d0 3ff0000000000002
0x000000ba2e5ff510:   000000ba2e5ff530 0000000000000007
0x000000ba2e5ff520:   0000000000000000 000001c1000002d0
0x000000ba2e5ff530:   3f4f5c293f07ae14 3f8000003f7ae148
0x000000ba2e5ff540:   000001c169fa5240 000000ba2e5ff610
0x000000ba2e5ff550:   0000000000000000 000001c1504e10af
0x000000ba2e5ff560:   000001c15461b6d0 000001c15473ebf8
0x000000ba2e5ff570:   000001c1545e6340 00007ffd67275999
0x000000ba2e5ff580:   000001c169fa5240 000001c100004100
0x000000ba2e5ff590:   000000ba2e5ff620 000001c15473ebf8
0x000000ba2e5ff5a0:   0000000000000000 000002d000000500
0x000000ba2e5ff5b0:   000001c1549d2e00 000001c107afbd90
0x000000ba2e5ff5c0:   000001c100004100 000001c1504a6450
0x000000ba2e5ff5d0:   000001c1549d2e00 000001c15473ebf8
0x000000ba2e5ff5e0:   000000ba2e5ff620 000001c1504e10af
0x000000ba2e5ff5f0:   000001c1504a6450 000001c154111090
0x000000ba2e5ff600:   000001c17acd5480 000001c107afb8c0 

Instructions: (pc=0x00007ffd66924307)
0x00007ffd66924207:   c0 0f 11 83 c0 00 00 00 0f 11 83 d0 00 00 00 48
0x00007ffd66924217:   89 83 e0 00 00 00 0f 11 83 e8 00 00 00 48 89 bb
0x00007ffd66924227:   00 01 00 00 48 89 bb 08 01 00 00 48 89 bb 10 01
0x00007ffd66924237:   00 00 48 89 bb 18 01 00 00 48 8d 8b 20 01 00 00
0x00007ffd66924247:   48 8d 05 12 d4 56 00 48 89 44 24 20 4c 8d 0d 26
0x00007ffd66924257:   d4 56 00 8d 57 28 44 8d 47 02 e8 92 ea 50 00 0f
0x00007ffd66924267:   57 c0 0f 11 83 70 01 00 00 48 89 bb 80 01 00 00
0x00007ffd66924277:   48 89 bb 88 01 00 00 48 8b c3 48 8b 5c 24 48 48
0x00007ffd66924287:   83 c4 30 5f c3 cc cc cc cc 8b c2 48 8b 84 c1 a0
0x00007ffd66924297:   45 00 00 c3 cc cc cc cc cc 48 ff 25 a1 cf b1 00
0x00007ffd669242a7:   cc cc cc cc cc cc cc cc cc 48 ff 25 59 ce b1 00
0x00007ffd669242b7:   cc cc cc cc cc cc cc cc cc 48 83 ec 28 4d 85 c0
0x00007ffd669242c7:   0f 84 60 04 00 00 49 83 f8 04 77 3b 49 83 f8 01
0x00007ffd669242d7:   75 0a 0f b6 02 88 01 48 83 c4 28 c3 49 83 f8 02
0x00007ffd669242e7:   0f 84 3a 04 00 00 49 83 f8 03 75 12 0f b7 02 66
0x00007ffd669242f7:   89 01 0f b6 42 02 88 41 02 48 83 c4 28 c3 8b 02
0x00007ffd66924307:   89 01 48 83 c4 28 c3 49 83 f8 08 76 2f f6 c1 03
0x00007ffd66924317:   74 2a f6 c1 01 74 0e 0f b6 02 49 ff c8 88 01 48
0x00007ffd66924327:   ff c1 48 ff c2 f6 c1 02 74 12 0f b7 02 49 83 e8
0x00007ffd66924337:   02 66 89 01 48 83 c1 02 48 83 c2 02 49 83 f8 40
0x00007ffd66924347:   0f 87 88 00 00 00 49 8b c0 48 83 e0 fc 48 03 c8
0x00007ffd66924357:   48 03 d0 49 8b c0 48 c1 e8 02 48 ff c8 48 83 f8
0x00007ffd66924367:   0f 0f 87 9f 03 00 00 4c 8d 0d 8b bc fd ff 41 8b
0x00007ffd66924377:   84 81 34 47 02 00 49 03 c1 ff e0 8b 42 c0 89 41
0x00007ffd66924387:   c0 8b 42 c4 89 41 c4 8b 42 c8 89 41 c8 8b 42 cc
0x00007ffd66924397:   89 41 cc 8b 42 d0 89 41 d0 8b 42 d4 89 41 d4 8b
0x00007ffd669243a7:   42 d8 89 41 d8 8b 42 dc 89 41 dc 8b 42 e0 89 41
0x00007ffd669243b7:   e0 8b 42 e4 89 41 e4 8b 42 e8 89 41 e8 8b 42 ec
0x00007ffd669243c7:   89 41 ec 8b 42 f0 89 41 f0 e9 26 03 00 00 48 8b
0x00007ffd669243d7:   c1 83 e0 0f 74 3d 41 b9 10 00 00 00 4c 2b c8 49
0x00007ffd669243e7:   8b c1 49 03 c9 48 c1 e8 02 49 03 d1 48 83 e8 01
0x00007ffd669243f7:   74 18 48 83 e8 01 74 0c 48 83 f8 01 75 12 8b 42 


Stack slot to memory mapping:

stack at sp + 0 slots: 0x0000000000000007 is an unknown value
stack at sp + 1 slots: 0x000001c15461fdc0 points into unknown readable memory: 0xffffffff00000001 | 01 00 00 00 ff ff ff ff
stack at sp + 2 slots: 0x0000000000000001 is an unknown value
stack at sp + 3 slots: 0x0 is null
stack at sp + 4 slots: 0x0 is null
stack at sp + 5 slots: 0x00007ffd67109dd4 ig11icd64.dll
stack at sp + 6 slots: 0x0 is null
stack at sp + 7 slots: 0x000002d000000500 is an unknown value


Compiled method (n/a) 890  587     n 0       org.lwjgl.opengl.GL11C::glClear (native)
 total in heap  [0x000001c107afbb10,0x000001c107afbec0] = 944
 relocation     [0x000001c107afbc68,0x000001c107afbca0] = 56
 main code      [0x000001c107afbca0,0x000001c107afbeb4] = 532
 stub code      [0x000001c107afbeb4,0x000001c107afbeb8] = 4
 oops           [0x000001c107afbeb8,0x000001c107afbec0] = 8

[Constant Pool (empty)]

[MachCode]
[Entry Point]
  # {method} {0x000001c1505863b0} 'glClear' '(I)V' in 'org/lwjgl/opengl/GL11C'
  # parm0:    rdx       = int
  #           [sp+0x70]  (sp of caller)
  0x000001c107afbca0: 448b 5208 | 49bb 0000 | 000f c101 | 0000 4d03 | d349 3bc2 | 0f84 0600 

  0x000001c107afbcb8: ;   {runtime_call ic_miss_stub}
  0x000001c107afbcb8: 0000 e9c1 | 2ca8 ff90 
[Verified Entry Point]
  0x000001c107afbcc0: 8984 2400 | 80ff ff55 | 488b ec48 | 83ec 6090 | 4181 7f20 | 0100 0000 

  0x000001c107afbcd8: ;   {runtime_call StubRoutines (final stubs)}
  0x000001c107afbcd8: 7405 e8a1 | ada6 ff4c 

  0x000001c107afbce0: ;   {oop(a 'java/lang/Class'{0x000000074f5a2ab8} = 'org/lwjgl/opengl/GL11C')}
  0x000001c107afbce0: 8bc2 49be | b82a 5a4f | 0700 0000 | 4c89 7424 | 504c 8d74 | 2450 498b | d6c5 f877 

  0x000001c107afbcfc: ;   {internal_word}
  0x000001c107afbcfc: 49ba f9bc | af07 c101 | 0000 4d89 | 97a8 0300 | 0049 89a7 | a003 0000 

  0x000001c107afbd14: ;   {external_word}
  0x000001c107afbd14: 49ba 9c30 | 5c68 fd7f | 0000 4180 | 3a00 0f84 | 4a00 0000 

  0x000001c107afbd28: ;   {metadata({method} {0x000001c1505863b0} 'glClear' '(I)V' in 'org/lwjgl/opengl/GL11C')}
  0x000001c107afbd28: 5241 5048 | baa8 6358 | 50c1 0100 | 0049 8bcf | 4883 ec20 | 40f6 c40f | 0f84 1900 | 0000 4883 
  0x000001c107afbd48: ;   {runtime_call}
  0x000001c107afbd48: ec08 48b8 | 40b5 0c68 | fd7f 0000 | ffd0 4883 | c408 e90c 

  0x000001c107afbd5c: ;   {runtime_call}
  0x000001c107afbd5c: 0000 0048 | b840 b50c | 68fd 7f00 | 00ff d048 | 83c4 2041 | 585a 498d | 8fc0 0300 | 0041 c787 
  0x000001c107afbd7c: 5404 0000 | 0400 0000 

  0x000001c107afbd84: ;   {runtime_call}
  0x000001c107afbd84: 48b8 80c4 | 40c9 fd7f | 0000 ffd0 | c5f8 7741 | c787 5404 | 0000 0500 | 0000 f083 | 4424 c000 
  0x000001c107afbda4: 493b af58 | 0400 000f | 870e 0000 | 0041 83bf | 5004 0000 | 000f 8423 | 0000 00c5 | f877 498b 
  0x000001c107afbdc4: cf4c 8be4 | 4883 ec20 | 4883 e4f0 

  0x000001c107afbdd0: ;   {runtime_call}
  0x000001c107afbdd0: 48b8 d01e | d767 fd7f | 0000 ffd0 | 498b e44d | 33e4 41c7 | 8754 0400 | 0008 0000 | 0041 83bf 
  0x000001c107afbdf0: d004 0000 | 020f 8494 

  0x000001c107afbdf8: ;   {external_word}
  0x000001c107afbdf8: 0000 0049 | ba9c 305c | 68fd 7f00 | 0041 803a | 000f 8444 

  0x000001c107afbe0c: ;   {metadata({method} {0x000001c1505863b0} 'glClear' '(I)V' in 'org/lwjgl/opengl/GL11C')}
  0x000001c107afbe0c: 0000 0048 | baa8 6358 | 50c1 0100 | 0049 8bcf | 4883 ec20 | 40f6 c40f | 0f84 1900 | 0000 4883 
  0x000001c107afbe2c: ;   {runtime_call}
  0x000001c107afbe2c: ec08 48b8 | 40b5 0c68 | fd7f 0000 | ffd0 4883 | c408 e90c 

  0x000001c107afbe40: ;   {runtime_call}
  0x000001c107afbe40: 0000 0048 | b840 b50c | 68fd 7f00 | 00ff d048 | 83c4 2049 | c787 a003 | 0000 0000 | 0000 49c7 
  0x000001c107afbe60: 87a8 0300 | 0000 0000 | 00c5 f877 | 498b 8f30 | 0400 00c7 | 8100 0100 | 0000 0000 | 00c9 4983 
  0x000001c107afbe80: 7f08 000f | 8501 0000 

  0x000001c107afbe88: ;   {runtime_call StubRoutines (initial stubs)}
  0x000001c107afbe88: 00c3 e971 | 50a3 ffc5 | f877 4c8b | e448 83ec | 2048 83e4 

  0x000001c107afbe9c: ;   {runtime_call}
  0x000001c107afbe9c: f048 b890 | ed0c 68fd | 7f00 00ff | d049 8be4 | 4d33 e4e9 | 47ff ffff 
[Stub Code]
  0x000001c107afbeb4: f4f4 f4f4 
[/MachCode]


Compiled method (c2) 896  592 %     4       objViewer.Window::init @ 295 (321 bytes)
 total in heap  [0x000001c107afc590,0x000001c107afcb38] = 1448
 relocation     [0x000001c107afc6e8,0x000001c107afc748] = 96
 main code      [0x000001c107afc760,0x000001c107afc8c8] = 360
 stub code      [0x000001c107afc8c8,0x000001c107afc918] = 80
 oops           [0x000001c107afc918,0x000001c107afc920] = 8
 metadata       [0x000001c107afc920,0x000001c107afc948] = 40
 scopes data    [0x000001c107afc948,0x000001c107afca10] = 200
 scopes pcs     [0x000001c107afca10,0x000001c107afcac0] = 176
 dependencies   [0x000001c107afcac0,0x000001c107afcac8] = 8
 handler table  [0x000001c107afcac8,0x000001c107afcb28] = 96
 nul chk table  [0x000001c107afcb28,0x000001c107afcb38] = 16

[Constant Pool (empty)]

[MachCode]
[Verified Entry Point]
  # {method} {0x000001c1504e1180} 'init' '()V' in 'objViewer/Window'
  0x000001c107afc760: cc66 6666 | 0f1f 8400 | 0000 0000 | 6666 6690 | 8984 2400 | 80ff ff55 | 4883 ec40 | 4181 7f20 
  0x000001c107afc780: 0100 0000 | 0f85 2e01 | 0000 488b | 6a48 488b | ca49 bad0 | 35d2 67fd | 7f00 0041 

  0x000001c107afc79c: ;   {other}
  0x000001c107afc79c: ffd2 0f1f | 8400 0000 | 0000 448b 

  0x000001c107afc7a8: ;   {metadata('objViewer/Window')}
  0x000001c107afc7a8: 5d08 4181 | fbf0 7101 | 010f 85bd | 0000 00eb | 110f 1f80 | 0000 0000 | 4d8b 9760 

  0x000001c107afc7c4: ; ImmutableOopMap {rbp=Oop }
                      ;*ifeq {reexecute=1 rethrow=0 return_oop=0}
                      ; - (reexecute) objViewer.Window::init@317 (line 91)
                      ;   {poll}
  0x000001c107afc7c4: 0400 0041 | 8502 ba00 

  0x000001c107afc7cc: ;   {static_call}
  0x000001c107afc7cc: 4100 00e8 

  0x000001c107afc7d0: ; ImmutableOopMap {rbp=Oop }
                      ;*invokestatic glClear {reexecute=0 rethrow=0 return_oop=0}
                      ; - org.lwjgl.opengl.GL11::glClear@1 (line 992)
                      ; - objViewer.Window::init@298 (line 92)
  0x000001c107afc7d0: ecf4 ffff 

  0x000001c107afc7d4: ;   {other}
  0x000001c107afc7d4: 0f1f 8400 | 4402 0001 | ba00 1700 

  0x000001c107afc7e0: ;   {static_call}
  0x000001c107afc7e0: 0066 90e8 

  0x000001c107afc7e4: ; ImmutableOopMap {rbp=Oop }
                      ;*invokestatic glMatrixMode {reexecute=0 rethrow=0 return_oop=0}
                      ; - objViewer.Window::init@304 (line 94)
  0x000001c107afc7e4: d8e8 ffff 

  0x000001c107afc7e8: ;   {other}
  0x000001c107afc7e8: 0f1f 8400 | 5802 0002 

  0x000001c107afc7f0: ;   {static_call}
  0x000001c107afc7f0: 6666 90e8 

  0x000001c107afc7f4: ; ImmutableOopMap {rbp=Oop }
                      ;*invokestatic glLoadIdentity {reexecute=0 rethrow=0 return_oop=0}
                      ; - objViewer.Window::init@307 (line 95)
  0x000001c107afc7f4: c8ec ffff 

  0x000001c107afc7f8: ;   {other}
  0x000001c107afc7f8: 0f1f 8400 | 6802 0003 | 4c8b dd48 | 8b55 1048 | 85d2 7434 | 49b8 607e | e5cd fd7f 

  0x000001c107afc814: ;   {static_call}
  0x000001c107afc814: 0000 90e8 

  0x000001c107afc818: ; ImmutableOopMap {rbp=Oop }
                      ;*invokestatic invokePI {reexecute=0 rethrow=0 return_oop=0}
                      ; - org.lwjgl.glfw.GLFW::glfwWindowShouldClose@17 (line 2246)
                      ; - objViewer.Window::init@314 (line 91)
  0x000001c107afc818: a4f0 ffff 

  0x000001c107afc81c: ;   {other}
  0x000001c107afc81c: 0f1f 8400 | 8c02 0004 | 85c0 7498 | ba45 ffff | ff89 4424 

  0x000001c107afc830: ;   {runtime_call UncommonTrapBlob}
  0x000001c107afc830: 2066 90e8 

  0x000001c107afc834: ; ImmutableOopMap {rbp=Oop }
                      ;*ifeq {reexecute=1 rethrow=0 return_oop=0}
                      ; - (reexecute) org.lwjgl.glfw.GLFW::glfwWindowShouldClose@20 (line 2246)
                      ; - objViewer.Window::init@314 (line 91)
  0x000001c107afc834: c8b4 a8ff 

  0x000001c107afc838: ;   {other}
  0x000001c107afc838: 0f1f 8400 | a802 0005 | 4533 d249 | 3bd2 bdff | ffff ff7c | 0840 0f95 | c540 0fb6 | ed4c 895c 
  0x000001c107afc858: 2420 4889 | 5424 28ba | 45ff ffff 

  0x000001c107afc864: ;   {runtime_call UncommonTrapBlob}
  0x000001c107afc864: 6666 90e8 

  0x000001c107afc868: ; ImmutableOopMap {[32]=Oop }
                      ;*ifne {reexecute=1 rethrow=0 return_oop=0}
                      ; - (reexecute) org.lwjgl.system.Checks::check@3 (line 187)
                      ; - org.lwjgl.glfw.GLFW::glfwWindowShouldClose@11 (line 2244)
                      ; - objViewer.Window::init@314 (line 91)
  0x000001c107afc868: 94b4 a8ff 

  0x000001c107afc86c: ;   {other}
  0x000001c107afc86c: 0f1f 8400 | dc02 0006 | ba8d ffff 

  0x000001c107afc878: ;   {runtime_call UncommonTrapBlob}
  0x000001c107afc878: ff66 90e8 

  0x000001c107afc87c: ; ImmutableOopMap {rbp=Oop }
                      ;*sipush {reexecute=0 rethrow=0 return_oop=0}
                      ; - objViewer.Window::init@295 (line 92)
  0x000001c107afc87c: 80b4 a8ff 

  0x000001c107afc880: ;   {other}
  0x000001c107afc880: 0f1f 8400 | f002 0007 | 488b d0eb | 0d48 8bd0 | eb08 488b | d0eb 0348 | 8bd0 4883 

  0x000001c107afc89c: ;   {runtime_call _rethrow_Java}
  0x000001c107afc89c: c440 5de9 | dc95 b6ff | ba76 ffff 

  0x000001c107afc8a8: ;   {runtime_call UncommonTrapBlob}
  0x000001c107afc8a8: ff66 90e8 

  0x000001c107afc8ac: ; ImmutableOopMap {}
                      ;*sipush {reexecute=0 rethrow=0 return_oop=0}
                      ; - objViewer.Window::init@295 (line 92)
  0x000001c107afc8ac: 50b4 a8ff 

  0x000001c107afc8b0: ;   {other}
  0x000001c107afc8b0: 0f1f 8400 | 2003 0008 

  0x000001c107afc8b8: ;   {runtime_call StubRoutines (final stubs)}
  0x000001c107afc8b8: e8c3 a1a6 | ffe9 c8fe | ffff f4f4 | f4f4 f4f4 
[Stub Code]
  0x000001c107afc8c8: ;   {no_reloc}
  0x000001c107afc8c8: 48bb 0000 | 0000 0000 

  0x000001c107afc8d0: ;   {runtime_call}
  0x000001c107afc8d0: 0000 e9fb 

  0x000001c107afc8d4: ;   {static_stub}
  0x000001c107afc8d4: ffff ff48 | bb00 0000 | 0000 0000 

  0x000001c107afc8e0: ;   {runtime_call}
  0x000001c107afc8e0: 00e9 fbff 

  0x000001c107afc8e4: ;   {static_stub}
  0x000001c107afc8e4: ffff 48bb | 0000 0000 | 0000 0000 

  0x000001c107afc8f0: ;   {runtime_call}
  0x000001c107afc8f0: e9fb ffff 

  0x000001c107afc8f4: ;   {static_stub}
  0x000001c107afc8f4: ff48 bb00 | 0000 0000 

  0x000001c107afc8fc: ;   {runtime_call}
  0x000001c107afc8fc: 0000 00e9 | fbff ffff 
[Exception Handler]
  0x000001c107afc904: ;   {runtime_call ExceptionBlob}
  0x000001c107afc904: e977 36b6 | ffe8 0000 | 0000 4883 

  0x000001c107afc910: ;   {runtime_call DeoptimizationBlob}
  0x000001c107afc910: 2c24 05e9 | 08b7 a8ff 
[/MachCode]


---------------  P R O C E S S  ---------------

Threads class SMR info:
_java_thread_list=0x000001c1541da6a0, length=11, elements={
0x000001c169fa5240, 0x000001c17aced570, 0x000001c17acee970, 0x000001c17acf0780,
0x000001c17acf3780, 0x000001c17acf6990, 0x000001c17acfe1e0, 0x000001c17ad02ae0,
0x000001c17ad031a0, 0x000001c154206420, 0x000001c154215f00
}

Java Threads: ( => current thread )
=>0x000001c169fa5240 JavaThread "main"                              [_thread_in_native, id=13212, stack(0x000000ba2e500000,0x000000ba2e600000) (1024K)]
  0x000001c17aced570 JavaThread "Reference Handler"          daemon [_thread_blocked, id=21028, stack(0x000000ba2ed00000,0x000000ba2ee00000) (1024K)]
  0x000001c17acee970 JavaThread "Finalizer"                  daemon [_thread_blocked, id=2404, stack(0x000000ba2ee00000,0x000000ba2ef00000) (1024K)]
  0x000001c17acf0780 JavaThread "Signal Dispatcher"          daemon [_thread_blocked, id=4740, stack(0x000000ba2ef00000,0x000000ba2f000000) (1024K)]
  0x000001c17acf3780 JavaThread "Attach Listener"            daemon [_thread_blocked, id=4792, stack(0x000000ba2f000000,0x000000ba2f100000) (1024K)]
  0x000001c17acf6990 JavaThread "Service Thread"             daemon [_thread_blocked, id=20408, stack(0x000000ba2f100000,0x000000ba2f200000) (1024K)]
  0x000001c17acfe1e0 JavaThread "Monitor Deflation Thread"   daemon [_thread_blocked, id=10224, stack(0x000000ba2f200000,0x000000ba2f300000) (1024K)]
  0x000001c17ad02ae0 JavaThread "C2 CompilerThread0"         daemon [_thread_blocked, id=12904, stack(0x000000ba2f300000,0x000000ba2f400000) (1024K)]
  0x000001c17ad031a0 JavaThread "C1 CompilerThread0"         daemon [_thread_blocked, id=21928, stack(0x000000ba2f400000,0x000000ba2f500000) (1024K)]
  0x000001c154206420 JavaThread "Notification Thread"        daemon [_thread_blocked, id=13612, stack(0x000000ba2f500000,0x000000ba2f600000) (1024K)]
  0x000001c154215f00 JavaThread "Common-Cleaner"             daemon [_thread_blocked, id=18516, stack(0x000000ba2f600000,0x000000ba2f700000) (1024K)]
Total: 11

Other Threads:
  0x000001c17acd1d90 VMThread "VM Thread"                           [id=1136, stack(0x000000ba2ec00000,0x000000ba2ed00000) (1024K)]
  0x000001c17acba2b0 WatcherThread "VM Periodic Task Thread"        [id=1152, stack(0x000000ba2eb00000,0x000000ba2ec00000) (1024K)]
  0x000001c16a279490 WorkerThread "GC Thread#0"                     [id=15876, stack(0x000000ba2e600000,0x000000ba2e700000) (1024K)]
  0x000001c16a286140 ConcurrentGCThread "G1 Main Marker"            [id=2340, stack(0x000000ba2e700000,0x000000ba2e800000) (1024K)]
  0x000001c16a2873d0 WorkerThread "G1 Conc#0"                       [id=3780, stack(0x000000ba2e800000,0x000000ba2e900000) (1024K)]
  0x000001c16a2de240 ConcurrentGCThread "G1 Refine#0"               [id=15428, stack(0x000000ba2e900000,0x000000ba2ea00000) (1024K)]
  0x000001c16a2deb70 ConcurrentGCThread "G1 Service"                [id=19668, stack(0x000000ba2ea00000,0x000000ba2eb00000) (1024K)]
Total: 7

Threads with active compile tasks:
Total: 0

VM state: not at safepoint (normal execution)

VM Mutex/Monitor currently owned by a thread: None

Heap address: 0x0000000744000000, size: 3008 MB, Compressed Oops mode: Zero based, Oop shift amount: 3

CDS archive(s) mapped at: [0x000001c10f000000-0x000001c10fc60000-0x000001c10fc60000), size 12976128, SharedBaseAddress: 0x000001c10f000000, ArchiveRelocationMode: 1.
Compressed class space mapped at: 0x000001c110000000-0x000001c150000000, reserved size: 1073741824
Narrow klass base: 0x000001c10f000000, Narrow klass shift: 0, Narrow klass range: 0x41000000

GC Precious Log:
 CardTable entry size: 512
 Card Set container configuration: InlinePtr #cards 4 size 8 Array Of Cards #cards 16 size 48 Howl #buckets 8 coarsen threshold 3686 Howl Bitmap #cards 512 size 80 coarsen threshold 460 Card regions per heap region 1 cards per card region 4096
 CPUs: 8 total, 8 available
 Memory: 12030M
 Large Page Support: Disabled
 NUMA Support: Disabled
 Compressed Oops: Enabled (Zero based)
 Heap Region Size: 2M
 Heap Min Capacity: 8M
 Heap Initial Capacity: 188M
 Heap Max Capacity: 3008M
 Pre-touch: Disabled
 Parallel Workers: 8
 Concurrent Workers: 2
 Concurrent Refinement Workers: 8
 Periodic GC: Disabled

Heap:
 garbage-first heap   total reserved 3080192K, committed 192512K, used 6144K [0x0000000744000000, 0x0000000800000000)
  region size 2048K, 4 young (8192K), 0 survivors (0K)
 Metaspace       used 2927K, committed 3136K, reserved 1114112K
  class space    used 161K, committed 256K, reserved 1048576K

Heap Regions: E=young(eden), S=young(survivor), O=old, HS=humongous(starts), HC=humongous(continues), CS=collection set, F=free, TAMS=top-at-mark-start, PB=parsable bottom
|   0|0x0000000744000000, 0x0000000744000000, 0x0000000744200000|  0%| F|  |TAMS 0x0000000744000000| PB 0x0000000744000000| Untracked |  0
|   1|0x0000000744200000, 0x0000000744200000, 0x0000000744400000|  0%| F|  |TAMS 0x0000000744200000| PB 0x0000000744200000| Untracked |  0
|   2|0x0000000744400000, 0x0000000744400000, 0x0000000744600000|  0%| F|  |TAMS 0x0000000744400000| PB 0x0000000744400000| Untracked |  0
|   3|0x0000000744600000, 0x0000000744600000, 0x0000000744800000|  0%| F|  |TAMS 0x0000000744600000| PB 0x0000000744600000| Untracked |  0
|   4|0x0000000744800000, 0x0000000744800000, 0x0000000744a00000|  0%| F|  |TAMS 0x0000000744800000| PB 0x0000000744800000| Untracked |  0
|   5|0x0000000744a00000, 0x0000000744a00000, 0x0000000744c00000|  0%| F|  |TAMS 0x0000000744a00000| PB 0x0000000744a00000| Untracked |  0
|   6|0x0000000744c00000, 0x0000000744c00000, 0x0000000744e00000|  0%| F|  |TAMS 0x0000000744c00000| PB 0x0000000744c00000| Untracked |  0
|   7|0x0000000744e00000, 0x0000000744e00000, 0x0000000745000000|  0%| F|  |TAMS 0x0000000744e00000| PB 0x0000000744e00000| Untracked |  0
|   8|0x0000000745000000, 0x0000000745000000, 0x0000000745200000|  0%| F|  |TAMS 0x0000000745000000| PB 0x0000000745000000| Untracked |  0
|   9|0x0000000745200000, 0x0000000745200000, 0x0000000745400000|  0%| F|  |TAMS 0x0000000745200000| PB 0x0000000745200000| Untracked |  0
|  10|0x0000000745400000, 0x0000000745400000, 0x0000000745600000|  0%| F|  |TAMS 0x0000000745400000| PB 0x0000000745400000| Untracked |  0
|  11|0x0000000745600000, 0x0000000745600000, 0x0000000745800000|  0%| F|  |TAMS 0x0000000745600000| PB 0x0000000745600000| Untracked |  0
|  12|0x0000000745800000, 0x0000000745800000, 0x0000000745a00000|  0%| F|  |TAMS 0x0000000745800000| PB 0x0000000745800000| Untracked |  0
|  13|0x0000000745a00000, 0x0000000745a00000, 0x0000000745c00000|  0%| F|  |TAMS 0x0000000745a00000| PB 0x0000000745a00000| Untracked |  0
|  14|0x0000000745c00000, 0x0000000745c00000, 0x0000000745e00000|  0%| F|  |TAMS 0x0000000745c00000| PB 0x0000000745c00000| Untracked |  0
|  15|0x0000000745e00000, 0x0000000745e00000, 0x0000000746000000|  0%| F|  |TAMS 0x0000000745e00000| PB 0x0000000745e00000| Untracked |  0
|  16|0x0000000746000000, 0x0000000746000000, 0x0000000746200000|  0%| F|  |TAMS 0x0000000746000000| PB 0x0000000746000000| Untracked |  0
|  17|0x0000000746200000, 0x0000000746200000, 0x0000000746400000|  0%| F|  |TAMS 0x0000000746200000| PB 0x0000000746200000| Untracked |  0
|  18|0x0000000746400000, 0x0000000746400000, 0x0000000746600000|  0%| F|  |TAMS 0x0000000746400000| PB 0x0000000746400000| Untracked |  0
|  19|0x0000000746600000, 0x0000000746600000, 0x0000000746800000|  0%| F|  |TAMS 0x0000000746600000| PB 0x0000000746600000| Untracked |  0
|  20|0x0000000746800000, 0x0000000746800000, 0x0000000746a00000|  0%| F|  |TAMS 0x0000000746800000| PB 0x0000000746800000| Untracked |  0
|  21|0x0000000746a00000, 0x0000000746a00000, 0x0000000746c00000|  0%| F|  |TAMS 0x0000000746a00000| PB 0x0000000746a00000| Untracked |  0
|  22|0x0000000746c00000, 0x0000000746c00000, 0x0000000746e00000|  0%| F|  |TAMS 0x0000000746c00000| PB 0x0000000746c00000| Untracked |  0
|  23|0x0000000746e00000, 0x0000000746e00000, 0x0000000747000000|  0%| F|  |TAMS 0x0000000746e00000| PB 0x0000000746e00000| Untracked |  0
|  24|0x0000000747000000, 0x0000000747000000, 0x0000000747200000|  0%| F|  |TAMS 0x0000000747000000| PB 0x0000000747000000| Untracked |  0
|  25|0x0000000747200000, 0x0000000747200000, 0x0000000747400000|  0%| F|  |TAMS 0x0000000747200000| PB 0x0000000747200000| Untracked |  0
|  26|0x0000000747400000, 0x0000000747400000, 0x0000000747600000|  0%| F|  |TAMS 0x0000000747400000| PB 0x0000000747400000| Untracked |  0
|  27|0x0000000747600000, 0x0000000747600000, 0x0000000747800000|  0%| F|  |TAMS 0x0000000747600000| PB 0x0000000747600000| Untracked |  0
|  28|0x0000000747800000, 0x0000000747800000, 0x0000000747a00000|  0%| F|  |TAMS 0x0000000747800000| PB 0x0000000747800000| Untracked |  0
|  29|0x0000000747a00000, 0x0000000747a00000, 0x0000000747c00000|  0%| F|  |TAMS 0x0000000747a00000| PB 0x0000000747a00000| Untracked |  0
|  30|0x0000000747c00000, 0x0000000747c00000, 0x0000000747e00000|  0%| F|  |TAMS 0x0000000747c00000| PB 0x0000000747c00000| Untracked |  0
|  31|0x0000000747e00000, 0x0000000747e00000, 0x0000000748000000|  0%| F|  |TAMS 0x0000000747e00000| PB 0x0000000747e00000| Untracked |  0
|  32|0x0000000748000000, 0x0000000748000000, 0x0000000748200000|  0%| F|  |TAMS 0x0000000748000000| PB 0x0000000748000000| Untracked |  0
|  33|0x0000000748200000, 0x0000000748200000, 0x0000000748400000|  0%| F|  |TAMS 0x0000000748200000| PB 0x0000000748200000| Untracked |  0
|  34|0x0000000748400000, 0x0000000748400000, 0x0000000748600000|  0%| F|  |TAMS 0x0000000748400000| PB 0x0000000748400000| Untracked |  0
|  35|0x0000000748600000, 0x0000000748600000, 0x0000000748800000|  0%| F|  |TAMS 0x0000000748600000| PB 0x0000000748600000| Untracked |  0
|  36|0x0000000748800000, 0x0000000748800000, 0x0000000748a00000|  0%| F|  |TAMS 0x0000000748800000| PB 0x0000000748800000| Untracked |  0
|  37|0x0000000748a00000, 0x0000000748a00000, 0x0000000748c00000|  0%| F|  |TAMS 0x0000000748a00000| PB 0x0000000748a00000| Untracked |  0
|  38|0x0000000748c00000, 0x0000000748c00000, 0x0000000748e00000|  0%| F|  |TAMS 0x0000000748c00000| PB 0x0000000748c00000| Untracked |  0
|  39|0x0000000748e00000, 0x0000000748e00000, 0x0000000749000000|  0%| F|  |TAMS 0x0000000748e00000| PB 0x0000000748e00000| Untracked |  0
|  40|0x0000000749000000, 0x0000000749000000, 0x0000000749200000|  0%| F|  |TAMS 0x0000000749000000| PB 0x0000000749000000| Untracked |  0
|  41|0x0000000749200000, 0x0000000749200000, 0x0000000749400000|  0%| F|  |TAMS 0x0000000749200000| PB 0x0000000749200000| Untracked |  0
|  42|0x0000000749400000, 0x0000000749400000, 0x0000000749600000|  0%| F|  |TAMS 0x0000000749400000| PB 0x0000000749400000| Untracked |  0
|  43|0x0000000749600000, 0x0000000749600000, 0x0000000749800000|  0%| F|  |TAMS 0x0000000749600000| PB 0x0000000749600000| Untracked |  0
|  44|0x0000000749800000, 0x0000000749800000, 0x0000000749a00000|  0%| F|  |TAMS 0x0000000749800000| PB 0x0000000749800000| Untracked |  0
|  45|0x0000000749a00000, 0x0000000749a00000, 0x0000000749c00000|  0%| F|  |TAMS 0x0000000749a00000| PB 0x0000000749a00000| Untracked |  0
|  46|0x0000000749c00000, 0x0000000749c00000, 0x0000000749e00000|  0%| F|  |TAMS 0x0000000749c00000| PB 0x0000000749c00000| Untracked |  0
|  47|0x0000000749e00000, 0x0000000749e00000, 0x000000074a000000|  0%| F|  |TAMS 0x0000000749e00000| PB 0x0000000749e00000| Untracked |  0
|  48|0x000000074a000000, 0x000000074a000000, 0x000000074a200000|  0%| F|  |TAMS 0x000000074a000000| PB 0x000000074a000000| Untracked |  0
|  49|0x000000074a200000, 0x000000074a200000, 0x000000074a400000|  0%| F|  |TAMS 0x000000074a200000| PB 0x000000074a200000| Untracked |  0
|  50|0x000000074a400000, 0x000000074a400000, 0x000000074a600000|  0%| F|  |TAMS 0x000000074a400000| PB 0x000000074a400000| Untracked |  0
|  51|0x000000074a600000, 0x000000074a600000, 0x000000074a800000|  0%| F|  |TAMS 0x000000074a600000| PB 0x000000074a600000| Untracked |  0
|  52|0x000000074a800000, 0x000000074a800000, 0x000000074aa00000|  0%| F|  |TAMS 0x000000074a800000| PB 0x000000074a800000| Untracked |  0
|  53|0x000000074aa00000, 0x000000074aa00000, 0x000000074ac00000|  0%| F|  |TAMS 0x000000074aa00000| PB 0x000000074aa00000| Untracked |  0
|  54|0x000000074ac00000, 0x000000074ac00000, 0x000000074ae00000|  0%| F|  |TAMS 0x000000074ac00000| PB 0x000000074ac00000| Untracked |  0
|  55|0x000000074ae00000, 0x000000074ae00000, 0x000000074b000000|  0%| F|  |TAMS 0x000000074ae00000| PB 0x000000074ae00000| Untracked |  0
|  56|0x000000074b000000, 0x000000074b000000, 0x000000074b200000|  0%| F|  |TAMS 0x000000074b000000| PB 0x000000074b000000| Untracked |  0
|  57|0x000000074b200000, 0x000000074b200000, 0x000000074b400000|  0%| F|  |TAMS 0x000000074b200000| PB 0x000000074b200000| Untracked |  0
|  58|0x000000074b400000, 0x000000074b400000, 0x000000074b600000|  0%| F|  |TAMS 0x000000074b400000| PB 0x000000074b400000| Untracked |  0
|  59|0x000000074b600000, 0x000000074b600000, 0x000000074b800000|  0%| F|  |TAMS 0x000000074b600000| PB 0x000000074b600000| Untracked |  0
|  60|0x000000074b800000, 0x000000074b800000, 0x000000074ba00000|  0%| F|  |TAMS 0x000000074b800000| PB 0x000000074b800000| Untracked |  0
|  61|0x000000074ba00000, 0x000000074ba00000, 0x000000074bc00000|  0%| F|  |TAMS 0x000000074ba00000| PB 0x000000074ba00000| Untracked |  0
|  62|0x000000074bc00000, 0x000000074bc00000, 0x000000074be00000|  0%| F|  |TAMS 0x000000074bc00000| PB 0x000000074bc00000| Untracked |  0
|  63|0x000000074be00000, 0x000000074be00000, 0x000000074c000000|  0%| F|  |TAMS 0x000000074be00000| PB 0x000000074be00000| Untracked |  0
|  64|0x000000074c000000, 0x000000074c000000, 0x000000074c200000|  0%| F|  |TAMS 0x000000074c000000| PB 0x000000074c000000| Untracked |  0
|  65|0x000000074c200000, 0x000000074c200000, 0x000000074c400000|  0%| F|  |TAMS 0x000000074c200000| PB 0x000000074c200000| Untracked |  0
|  66|0x000000074c400000, 0x000000074c400000, 0x000000074c600000|  0%| F|  |TAMS 0x000000074c400000| PB 0x000000074c400000| Untracked |  0
|  67|0x000000074c600000, 0x000000074c600000, 0x000000074c800000|  0%| F|  |TAMS 0x000000074c600000| PB 0x000000074c600000| Untracked |  0
|  68|0x000000074c800000, 0x000000074c800000, 0x000000074ca00000|  0%| F|  |TAMS 0x000000074c800000| PB 0x000000074c800000| Untracked |  0
|  69|0x000000074ca00000, 0x000000074ca00000, 0x000000074cc00000|  0%| F|  |TAMS 0x000000074ca00000| PB 0x000000074ca00000| Untracked |  0
|  70|0x000000074cc00000, 0x000000074cc00000, 0x000000074ce00000|  0%| F|  |TAMS 0x000000074cc00000| PB 0x000000074cc00000| Untracked |  0
|  71|0x000000074ce00000, 0x000000074ce00000, 0x000000074d000000|  0%| F|  |TAMS 0x000000074ce00000| PB 0x000000074ce00000| Untracked |  0
|  72|0x000000074d000000, 0x000000074d000000, 0x000000074d200000|  0%| F|  |TAMS 0x000000074d000000| PB 0x000000074d000000| Untracked |  0
|  73|0x000000074d200000, 0x000000074d200000, 0x000000074d400000|  0%| F|  |TAMS 0x000000074d200000| PB 0x000000074d200000| Untracked |  0
|  74|0x000000074d400000, 0x000000074d400000, 0x000000074d600000|  0%| F|  |TAMS 0x000000074d400000| PB 0x000000074d400000| Untracked |  0
|  75|0x000000074d600000, 0x000000074d600000, 0x000000074d800000|  0%| F|  |TAMS 0x000000074d600000| PB 0x000000074d600000| Untracked |  0
|  76|0x000000074d800000, 0x000000074d800000, 0x000000074da00000|  0%| F|  |TAMS 0x000000074d800000| PB 0x000000074d800000| Untracked |  0
|  77|0x000000074da00000, 0x000000074da00000, 0x000000074dc00000|  0%| F|  |TAMS 0x000000074da00000| PB 0x000000074da00000| Untracked |  0
|  78|0x000000074dc00000, 0x000000074dc00000, 0x000000074de00000|  0%| F|  |TAMS 0x000000074dc00000| PB 0x000000074dc00000| Untracked |  0
|  79|0x000000074de00000, 0x000000074de00000, 0x000000074e000000|  0%| F|  |TAMS 0x000000074de00000| PB 0x000000074de00000| Untracked |  0
|  80|0x000000074e000000, 0x000000074e000000, 0x000000074e200000|  0%| F|  |TAMS 0x000000074e000000| PB 0x000000074e000000| Untracked |  0
|  81|0x000000074e200000, 0x000000074e200000, 0x000000074e400000|  0%| F|  |TAMS 0x000000074e200000| PB 0x000000074e200000| Untracked |  0
|  82|0x000000074e400000, 0x000000074e400000, 0x000000074e600000|  0%| F|  |TAMS 0x000000074e400000| PB 0x000000074e400000| Untracked |  0
|  83|0x000000074e600000, 0x000000074e600000, 0x000000074e800000|  0%| F|  |TAMS 0x000000074e600000| PB 0x000000074e600000| Untracked |  0
|  84|0x000000074e800000, 0x000000074e800000, 0x000000074ea00000|  0%| F|  |TAMS 0x000000074e800000| PB 0x000000074e800000| Untracked |  0
|  85|0x000000074ea00000, 0x000000074ea00000, 0x000000074ec00000|  0%| F|  |TAMS 0x000000074ea00000| PB 0x000000074ea00000| Untracked |  0
|  86|0x000000074ec00000, 0x000000074ec00000, 0x000000074ee00000|  0%| F|  |TAMS 0x000000074ec00000| PB 0x000000074ec00000| Untracked |  0
|  87|0x000000074ee00000, 0x000000074ee00000, 0x000000074f000000|  0%| F|  |TAMS 0x000000074ee00000| PB 0x000000074ee00000| Untracked |  0
|  88|0x000000074f000000, 0x000000074f000000, 0x000000074f200000|  0%| F|  |TAMS 0x000000074f000000| PB 0x000000074f000000| Untracked |  0
|  89|0x000000074f200000, 0x000000074f200000, 0x000000074f400000|  0%| F|  |TAMS 0x000000074f200000| PB 0x000000074f200000| Untracked |  0
|  90|0x000000074f400000, 0x000000074f5b1718, 0x000000074f600000| 84%| E|  |TAMS 0x000000074f400000| PB 0x000000074f400000| Complete |  0
|  91|0x000000074f600000, 0x000000074f800000, 0x000000074f800000|100%| E|CS|TAMS 0x000000074f600000| PB 0x000000074f600000| Complete |  0
|  92|0x000000074f800000, 0x000000074fa00000, 0x000000074fa00000|100%| E|CS|TAMS 0x000000074f800000| PB 0x000000074f800000| Complete |  0
|  93|0x000000074fa00000, 0x000000074fc00000, 0x000000074fc00000|100%| E|CS|TAMS 0x000000074fa00000| PB 0x000000074fa00000| Complete |  0

Card table byte_map: [0x000001c174d90000,0x000001c175370000] _byte_map_base: 0x000001c171370000

Marking Bits: (CMBitMap*) 0x000001c16a279ab0
 Bits: [0x000001c175370000, 0x000001c178270000)

Polling page: 0x000001c16a2e0000

Metaspace:

Usage:
  Non-class:      2.70 MB used.
      Class:    161.87 KB used.
       Both:      2.86 MB used.

Virtual space:
  Non-class space:       64.00 MB reserved,       2.81 MB (  4%) committed,  1 nodes.
      Class space:        1.00 GB reserved,     256.00 KB ( <1%) committed,  1 nodes.
             Both:        1.06 GB reserved,       3.06 MB ( <1%) committed. 

Chunk freelists:
   Non-Class:  10.41 MB
       Class:  15.66 MB
        Both:  26.06 MB

MaxMetaspaceSize: unlimited
CompressedClassSpaceSize: 1.00 GB
Initial GC threshold: 21.00 MB
Current GC threshold: 21.00 MB
CDS: on
 - commit_granule_bytes: 65536.
 - commit_granule_words: 8192.
 - virtual_space_node_default_size: 8388608.
 - enlarge_chunks_in_place: 1.
 - use_allocation_guard: 0.


Internal statistics:

num_allocs_failed_limit: 0.
num_arena_births: 68.
num_arena_deaths: 0.
num_vsnodes_births: 2.
num_vsnodes_deaths: 0.
num_space_committed: 48.
num_space_uncommitted: 0.
num_chunks_returned_to_freelist: 0.
num_chunks_taken_from_freelist: 148.
num_chunk_merges: 0.
num_chunk_splits: 94.
num_chunks_enlarged: 60.
num_inconsistent_stats: 0.

CodeHeap 'non-profiled nmethods': size=120000Kb used=178Kb max_used=178Kb free=119821Kb
 bounds [0x000001c107ad0000, 0x000001c107d40000, 0x000001c10f000000]
CodeHeap 'profiled nmethods': size=120000Kb used=781Kb max_used=781Kb free=119218Kb
 bounds [0x000001c100000000, 0x000001c100270000, 0x000001c107530000]
CodeHeap 'non-nmethods': size=5760Kb used=2256Kb max_used=2269Kb free=3503Kb
 bounds [0x000001c107530000, 0x000001c1077a0000, 0x000001c107ad0000]
 total_blobs=1553 nmethods=592 adapters=866
 compilation: enabled
              stopped_count=0, restarted_count=0
 full_count=0

Compilation events (20 events):
Event: 0.646 Thread 0x000001c17ad031a0 nmethod 577 0x000001c107afa410 code [0x000001c107afa5a0, 0x000001c107afa668]
Event: 0.647 Thread 0x000001c17ad02ae0 nmethod 578 0x000001c107afab90 code [0x000001c107afad20, 0x000001c107afae00]
Event: 0.647 Thread 0x000001c17ad031a0  580   !   3       java.util.zip.Inflater::needsInput (55 bytes)
Event: 0.647 Thread 0x000001c17ad031a0 nmethod 580 0x000001c1000b9b90 code [0x000001c1000b9d40, 0x000001c1000ba0e8]
Event: 0.647 Thread 0x000001c17ad031a0  581   !   3       java.util.zip.Inflater::inflate (456 bytes)
Event: 0.649 Thread 0x000001c17ad031a0 nmethod 581 0x000001c1000ba210 code [0x000001c1000ba5e0, 0x000001c1000bc230]
Event: 0.657 Thread 0x000001c17ad031a0  584       3       org.lwjgl.glfw.GLFW::glfwWindowShouldClose (29 bytes)
Event: 0.657 Thread 0x000001c17ad031a0 nmethod 584 0x000001c1000bd190 code [0x000001c1000bd360, 0x000001c1000bd648]
Event: 0.657 Thread 0x000001c17ad031a0  586       3       org.lwjgl.opengl.GL11::glClear (5 bytes)
Event: 0.657 Thread 0x000001c17ad031a0 nmethod 586 0x000001c1000bd790 code [0x000001c1000bd940, 0x000001c1000bda58]
Event: 0.659 Thread 0x000001c17ad02ae0  588       4       org.lwjgl.glfw.GLFW::glfwWindowShouldClose (29 bytes)
Event: 0.660 Thread 0x000001c17ad02ae0 nmethod 588 0x000001c107afbf10 code [0x000001c107afc0a0, 0x000001c107afc188]
Event: 0.660 Thread 0x000001c17ad02ae0  589       4       org.lwjgl.opengl.GL11::glClear (5 bytes)
Event: 0.661 Thread 0x000001c17ad02ae0 nmethod 589 0x000001c107afc290 code [0x000001c107afc420, 0x000001c107afc4b0]
Event: 0.676 Thread 0x000001c17ad031a0  590 %     3       objViewer.Window::init @ 295 (321 bytes)
Event: 0.678 Thread 0x000001c17ad031a0 nmethod 590% 0x000001c1000bdb10 code [0x000001c1000be120, 0x000001c1000bfd60]
Event: 0.678 Thread 0x000001c17ad031a0  591       3       objViewer.Window::init (321 bytes)
Event: 0.679 Thread 0x000001c17ad031a0 nmethod 591 0x000001c1000c0910 code [0x000001c1000c0f20, 0x000001c1000c2ae8]
Event: 0.685 Thread 0x000001c17ad02ae0  592 %     4       objViewer.Window::init @ 295 (321 bytes)
Event: 0.687 Thread 0x000001c17ad02ae0 nmethod 592% 0x000001c107afc590 code [0x000001c107afc760, 0x000001c107afc918]

GC Heap History (0 events):
No events

Dll operation events (8 events):
Event: 0.015 Loaded shared library C:\Program Files\Java\jdk-22.0.1\bin\java.dll
Event: 0.049 Loaded shared library C:\Program Files\Java\jdk-22.0.1\bin\jsvml.dll
Event: 0.083 Loaded shared library C:\Program Files\Java\jdk-22.0.1\bin\net.dll
Event: 0.084 Loaded shared library C:\Program Files\Java\jdk-22.0.1\bin\nio.dll
Event: 0.088 Loaded shared library C:\Program Files\Java\jdk-22.0.1\bin\zip.dll
Event: 0.164 Loaded shared library C:\Program Files\Java\jdk-22.0.1\bin\jimage.dll
Event: 0.194 Loaded shared library C:\Users\LENOVO\AppData\Local\Temp\lwjglLENOVO\3.3.1-build-7\lwjgl.dll
Event: 0.387 Loaded shared library C:\Users\LENOVO\AppData\Local\Temp\lwjglLENOVO\3.3.1-build-7\lwjgl_opengl.dll

Deoptimization events (12 events):
Event: 0.114 Thread 0x000001c169fa5240 Uncommon trap: trap_request=0xffffff45 fr.pc=0x000001c107ad7078 relative=0x00000000000002b8
Event: 0.114 Thread 0x000001c169fa5240 Uncommon trap: reason=unstable_if action=reinterpret pc=0x000001c107ad7078 method=java.lang.StringLatin1.hashCode([B)I @ 2 c2
Event: 0.114 Thread 0x000001c169fa5240 DEOPT PACKING pc=0x000001c107ad7078 sp=0x000000ba2e5fb810
Event: 0.114 Thread 0x000001c169fa5240 DEOPT UNPACKING pc=0x000001c107587da2 sp=0x000000ba2e5fb748 mode 2
Event: 0.190 Thread 0x000001c169fa5240 DEOPT PACKING pc=0x000001c10001a17c sp=0x000000ba2e5fb0e0
Event: 0.190 Thread 0x000001c169fa5240 DEOPT UNPACKING pc=0x000001c1075888e2 sp=0x000000ba2e5fa500 mode 0
Event: 0.395 Thread 0x000001c169fa5240 Uncommon trap: trap_request=0xffffff54 fr.pc=0x000001c107af4c70 relative=0x0000000000000070
Event: 0.395 Thread 0x000001c169fa5240 Uncommon trap: reason=speculate_null_assert action=make_not_entrant pc=0x000001c107af4c70 method=sun.misc.Unsafe.putLong(Ljava/lang/Object;JJ)V @ 7 c2
Event: 0.395 Thread 0x000001c169fa5240 DEOPT PACKING pc=0x000001c107af4c70 sp=0x000000ba2e5ff190
Event: 0.395 Thread 0x000001c169fa5240 DEOPT UNPACKING pc=0x000001c107587da2 sp=0x000000ba2e5ff108 mode 2
Event: 0.687 Thread 0x000001c169fa5240 DEOPT PACKING pc=0x000001c1000bfab5 sp=0x000000ba2e5ff530
Event: 0.687 Thread 0x000001c169fa5240 DEOPT UNPACKING pc=0x000001c1075888e2 sp=0x000000ba2e5fea98 mode 0

Classes loaded (20 events):
Event: 0.204 Loading class java/util/function/LongPredicate
Event: 0.205 Loading class java/util/function/LongPredicate done
Event: 0.207 Loading class java/lang/foreign/MemorySegment
Event: 0.208 Loading class java/lang/foreign/MemorySegment done
Event: 0.214 Loading class java/nio/InvalidMarkException
Event: 0.214 Loading class java/nio/InvalidMarkException done
Event: 0.214 Loading class java/nio/BufferUnderflowException
Event: 0.215 Loading class java/nio/BufferUnderflowException done
Event: 0.243 Loading class java/lang/NoSuchFieldError
Event: 0.243 Loading class java/lang/NoSuchFieldError done
Event: 0.248 Loading class jdk/internal/reflect/MethodHandleIntegerFieldAccessorImpl
Event: 0.248 Loading class jdk/internal/reflect/MethodHandleIntegerFieldAccessorImpl done
Event: 0.397 Loading class jdk/internal/module/ModulePatcher$PatchedModuleReader
Event: 0.398 Loading class jdk/internal/module/ModulePatcher$PatchedModuleReader done
Event: 0.398 Loading class sun/net/www/protocol/jrt/Handler
Event: 0.398 Loading class sun/net/www/protocol/jrt/Handler done
Event: 0.403 Loading class sun/text/resources/cldr/FormatData_en
Event: 0.403 Loading class sun/text/resources/cldr/FormatData_en done
Event: 0.403 Loading class sun/text/resources/cldr/FormatData_en_US
Event: 0.403 Loading class sun/text/resources/cldr/FormatData_en_US done

Classes unloaded (0 events):
No events

Classes redefined (0 events):
No events

Internal exceptions (20 events):
Event: 0.152 Thread 0x000001c169fa5240 Exception <a 'java/lang/NoSuchMethodError'{0x000000074f9abf18}: 'void java.lang.invoke.DelegatingMethodHandle$Holder.delegate(java.lang.Object, java.lang.Object, int, java.lang.Object)'> (0x000000074f9abf18) 
thrown [s\open\src\hotspot\share\interpreter\linkResolver.cpp, line 774]
Event: 0.153 Thread 0x000001c169fa5240 Exception <a 'java/lang/NoSuchMethodError'{0x000000074f9aff30}: 'int java.lang.invoke.DirectMethodHandle$Holder.invokeSpecial(java.lang.Object, java.lang.Object, java.lang.Object)'> (0x000000074f9aff30) 
thrown [s\open\src\hotspot\share\interpreter\linkResolver.cpp, line 774]
Event: 0.156 Thread 0x000001c169fa5240 Exception <a 'java/lang/NoSuchMethodError'{0x000000074f9ca950}: 'void java.lang.System.loadLibrary(java.lang.String, java.lang.Class)'> (0x000000074f9ca950) 
thrown [s\open\src\hotspot\share\interpreter\linkResolver.cpp, line 774]
Event: 0.192 Thread 0x000001c169fa5240 Exception <a 'sun/nio/fs/WindowsException'{0x000000074f63a4b8}> (0x000000074f63a4b8) 
thrown [s\open\src\hotspot\share\prims\jni.cpp, line 520]
Event: 0.192 Thread 0x000001c169fa5240 Exception <a 'sun/nio/fs/WindowsException'{0x000000074f63a9f8}> (0x000000074f63a9f8) 
thrown [s\open\src\hotspot\share\prims\jni.cpp, line 520]
Event: 0.205 Thread 0x000001c169fa5240 Exception <a 'java/lang/NoSuchMethodError'{0x000000074f68c820}: 'int java.lang.invoke.DirectMethodHandle$Holder.invokeStaticInit(java.lang.Object, java.lang.Object, int, long)'> (0x000000074f68c820) 
thrown [s\open\src\hotspot\share\interpreter\linkResolver.cpp, line 774]
Event: 0.206 Thread 0x000001c169fa5240 Exception <a 'java/lang/NoSuchMethodError'{0x000000074f691928}: 'java.lang.Object java.lang.invoke.DirectMethodHandle$Holder.newInvokeSpecial(java.lang.Object, java.lang.Object, int)'> (0x000000074f691928) 
thrown [s\open\src\hotspot\share\interpreter\linkResolver.cpp, line 774]
Event: 0.210 Thread 0x000001c169fa5240 Exception <a 'java/lang/NoSuchMethodError'{0x000000074f6a0268}: 'int java.lang.invoke.DirectMethodHandle$Holder.invokeStaticInit(java.lang.Object, java.lang.Object, long, long)'> (0x000000074f6a0268) 
thrown [s\open\src\hotspot\share\interpreter\linkResolver.cpp, line 774]
Event: 0.211 Thread 0x000001c169fa5240 Exception <a 'java/lang/NoSuchMethodError'{0x000000074f6a5cf0}: 'java.lang.Object java.lang.invoke.DirectMethodHandle$Holder.newInvokeSpecial(java.lang.Object, java.lang.Object, long)'> (0x000000074f6a5cf0) 
thrown [s\open\src\hotspot\share\interpreter\linkResolver.cpp, line 774]
Event: 0.212 Thread 0x000001c169fa5240 Exception <a 'java/lang/NoSuchMethodError'{0x000000074f6a9b98}: 'java.lang.Object java.lang.invoke.Invokers$Holder.linkToTargetMethod(java.lang.Object, long, java.lang.Object)'> (0x000000074f6a9b98) 
thrown [s\open\src\hotspot\share\interpreter\linkResolver.cpp, line 774]
Event: 0.213 Thread 0x000001c169fa5240 Exception <a 'java/lang/NoSuchMethodError'{0x000000074f6b0df8}: 'int java.lang.invoke.DirectMethodHandle$Holder.invokeStaticInit(java.lang.Object, java.lang.Object, java.lang.Object, long)'> (0x000000074f6b0df8) 
thrown [s\open\src\hotspot\share\interpreter\linkResolver.cpp, line 774]
Event: 0.242 Thread 0x000001c169fa5240 Exception <a 'sun/nio/fs/WindowsException'{0x000000074f74d400}> (0x000000074f74d400) 
thrown [s\open\src\hotspot\share\prims\jni.cpp, line 520]
Event: 0.242 Thread 0x000001c169fa5240 Exception <a 'sun/nio/fs/WindowsException'{0x000000074f74d778}> (0x000000074f74d778) 
thrown [s\open\src\hotspot\share\prims\jni.cpp, line 520]
Event: 0.248 Thread 0x000001c169fa5240 Exception <a 'java/lang/NoSuchMethodError'{0x000000074f760e30}: 'int java.lang.invoke.Invokers$Holder.invokeExact_MT(java.lang.Object, java.lang.Object)'> (0x000000074f760e30) 
thrown [s\open\src\hotspot\share\interpreter\linkResolver.cpp, line 774]
Event: 0.378 Thread 0x000001c169fa5240 Exception <a 'java/lang/NoSuchMethodError'{0x000000074f7caf78}: 'void java.lang.System.load(java.lang.String, java.lang.Class)'> (0x000000074f7caf78) 
thrown [s\open\src\hotspot\share\interpreter\linkResolver.cpp, line 774]
Event: 0.378 Thread 0x000001c169fa5240 Exception <a 'java/lang/NoSuchMethodError'{0x000000074f7cd9c8}: 'void java.lang.System.loadLibrary(java.lang.String, java.lang.Class)'> (0x000000074f7cd9c8) 
thrown [s\open\src\hotspot\share\interpreter\linkResolver.cpp, line 774]
Event: 0.385 Thread 0x000001c169fa5240 Exception <a 'sun/nio/fs/WindowsException'{0x000000074f7dce58}> (0x000000074f7dce58) 
thrown [s\open\src\hotspot\share\prims\jni.cpp, line 520]
Event: 0.386 Thread 0x000001c169fa5240 Exception <a 'sun/nio/fs/WindowsException'{0x000000074f7dd208}> (0x000000074f7dd208) 
thrown [s\open\src\hotspot\share\prims\jni.cpp, line 520]
Event: 0.390 Thread 0x000001c169fa5240 Exception <a 'sun/nio/fs/WindowsException'{0x000000074f7e2748}> (0x000000074f7e2748) 
thrown [s\open\src\hotspot\share\prims\jni.cpp, line 520]
Event: 0.390 Thread 0x000001c169fa5240 Exception <a 'sun/nio/fs/WindowsException'{0x000000074f7e2a38}> (0x000000074f7e2a38) 
thrown [s\open\src\hotspot\share\prims\jni.cpp, line 520]

ZGC Phase Switch (0 events):
No events

VM Operations (2 events):
Event: 0.089 Executing VM operation: HandshakeAllThreads (Deoptimize)
Event: 0.089 Executing VM operation: HandshakeAllThreads (Deoptimize) done

Events (11 events):
Event: 0.032 Thread 0x000001c169fa5240 Thread added: 0x000001c169fa5240
Event: 0.046 Thread 0x000001c17aced570 Thread added: 0x000001c17aced570
Event: 0.046 Thread 0x000001c17acee970 Thread added: 0x000001c17acee970
Event: 0.046 Thread 0x000001c17acf0780 Thread added: 0x000001c17acf0780
Event: 0.047 Thread 0x000001c17acf3780 Thread added: 0x000001c17acf3780
Event: 0.047 Thread 0x000001c17acf6990 Thread added: 0x000001c17acf6990
Event: 0.047 Thread 0x000001c17acfe1e0 Thread added: 0x000001c17acfe1e0
Event: 0.047 Thread 0x000001c17ad02ae0 Thread added: 0x000001c17ad02ae0
Event: 0.047 Thread 0x000001c17ad031a0 Thread added: 0x000001c17ad031a0
Event: 0.074 Thread 0x000001c154206420 Thread added: 0x000001c154206420
Event: 0.079 Thread 0x000001c154215f00 Thread added: 0x000001c154215f00


Dynamic libraries:
0x00007ff67b580000 - 0x00007ff67b590000 	C:\Program Files\Java\jdk-22.0.1\bin\javaw.exe
0x00007ffdf3010000 - 0x00007ffdf3227000 	C:\WINDOWS\SYSTEM32\ntdll.dll
0x00007ffdb96d0000 - 0x00007ffdb96ea000 	C:\Program Files\Avast Software\Avast\aswhook.dll
0x00007ffdf1fa0000 - 0x00007ffdf2064000 	C:\WINDOWS\System32\KERNEL32.DLL
0x00007ffdf0520000 - 0x00007ffdf08cd000 	C:\WINDOWS\System32\KERNELBASE.dll
0x00007ffdf08d0000 - 0x00007ffdf09e1000 	C:\WINDOWS\System32\ucrtbase.dll
0x00007ffdeada0000 - 0x00007ffdeadbb000 	C:\Program Files\Java\jdk-22.0.1\bin\VCRUNTIME140.dll
0x00007ffdead60000 - 0x00007ffdead77000 	C:\Program Files\Java\jdk-22.0.1\bin\jli.dll
0x00007ffdf12b0000 - 0x00007ffdf1362000 	C:\WINDOWS\System32\ADVAPI32.dll
0x00007ffdf1cf0000 - 0x00007ffdf1d97000 	C:\WINDOWS\System32\msvcrt.dll
0x00007ffdf1720000 - 0x00007ffdf17c9000 	C:\WINDOWS\System32\sechost.dll
0x00007ffdf0cf0000 - 0x00007ffdf0d18000 	C:\WINDOWS\System32\bcrypt.dll
0x00007ffdf2eb0000 - 0x00007ffdf2fc4000 	C:\WINDOWS\System32\RPCRT4.dll
0x00007ffdf1800000 - 0x00007ffdf19ae000 	C:\WINDOWS\System32\USER32.dll
0x00007ffdf0d20000 - 0x00007ffdf0d46000 	C:\WINDOWS\System32\win32u.dll
0x00007ffdd5800000 - 0x00007ffdd5a93000 	C:\WINDOWS\WinSxS\amd64_microsoft.windows.common-controls_6595b64144ccf1df_6.0.22621.3672_none_2713b9d173822955\COMCTL32.dll
0x00007ffdf17d0000 - 0x00007ffdf17f9000 	C:\WINDOWS\System32\GDI32.dll
0x00007ffdf0b60000 - 0x00007ffdf0c79000 	C:\WINDOWS\System32\gdi32full.dll
0x00007ffdf0340000 - 0x00007ffdf03da000 	C:\WINDOWS\System32\msvcp_win.dll
0x00007ffde4010000 - 0x00007ffde401a000 	C:\WINDOWS\SYSTEM32\VERSION.dll
0x00007ffdf2e50000 - 0x00007ffdf2e81000 	C:\WINDOWS\System32\IMM32.DLL
0x00007ffdeae40000 - 0x00007ffdeae4c000 	C:\Program Files\Java\jdk-22.0.1\bin\vcruntime140_1.dll
0x00007ffdcfc70000 - 0x00007ffdcfcfe000 	C:\Program Files\Java\jdk-22.0.1\bin\msvcp140.dll
0x00007ffd67980000 - 0x00007ffd686c7000 	C:\Program Files\Java\jdk-22.0.1\bin\server\jvm.dll
0x00007ffdf0d50000 - 0x00007ffdf0dc1000 	C:\WINDOWS\System32\WS2_32.dll
0x00007ffdf0200000 - 0x00007ffdf024d000 	C:\WINDOWS\SYSTEM32\POWRPROF.dll
0x00007ffdea2c0000 - 0x00007ffdea2f4000 	C:\WINDOWS\SYSTEM32\WINMM.dll
0x00007ffdf01e0000 - 0x00007ffdf01f3000 	C:\WINDOWS\SYSTEM32\UMPDC.dll
0x00007ffdef2d0000 - 0x00007ffdef2e8000 	C:\WINDOWS\SYSTEM32\kernel.appcore.dll
0x00007ffdead50000 - 0x00007ffdead5a000 	C:\Program Files\Java\jdk-22.0.1\bin\jimage.dll
0x00007ffded9a0000 - 0x00007ffdedbd2000 	C:\WINDOWS\SYSTEM32\DBGHELP.DLL
0x00007ffdf1370000 - 0x00007ffdf16f8000 	C:\WINDOWS\System32\combase.dll
0x00007ffdf19b0000 - 0x00007ffdf1a87000 	C:\WINDOWS\System32\OLEAUT32.dll
0x00007ffde44b0000 - 0x00007ffde44e2000 	C:\WINDOWS\SYSTEM32\dbgcore.DLL
0x00007ffdf03e0000 - 0x00007ffdf045b000 	C:\WINDOWS\System32\bcryptPrimitives.dll
0x00007ffdead30000 - 0x00007ffdead4e000 	C:\Program Files\Java\jdk-22.0.1\bin\java.dll
0x00007ffdf2230000 - 0x00007ffdf2a8f000 	C:\WINDOWS\System32\SHELL32.dll
0x00007ffdf2070000 - 0x00007ffdf2215000 	C:\WINDOWS\System32\ole32.dll
0x00007ffdee240000 - 0x00007ffdeeb3c000 	C:\WINDOWS\SYSTEM32\windows.storage.dll
0x00007ffdee100000 - 0x00007ffdee23f000 	C:\WINDOWS\SYSTEM32\wintypes.dll
0x00007ffdf1ba0000 - 0x00007ffdf1c94000 	C:\WINDOWS\System32\SHCORE.dll
0x00007ffdf1250000 - 0x00007ffdf12ae000 	C:\WINDOWS\System32\shlwapi.dll
0x00007ffdf0270000 - 0x00007ffdf0291000 	C:\WINDOWS\SYSTEM32\profapi.dll
0x00007ffdcaf40000 - 0x00007ffdcb017000 	C:\Program Files\Java\jdk-22.0.1\bin\jsvml.dll
0x00007ffdead20000 - 0x00007ffdead30000 	C:\Program Files\Java\jdk-22.0.1\bin\net.dll
0x00007ffdef790000 - 0x00007ffdef7f9000 	C:\WINDOWS\system32\mswsock.dll
0x00007ffdead00000 - 0x00007ffdead16000 	C:\Program Files\Java\jdk-22.0.1\bin\nio.dll
0x00007ffdeacc0000 - 0x00007ffdeacd7000 	C:\Program Files\Java\jdk-22.0.1\bin\zip.dll
0x00007ffdcfb20000 - 0x00007ffdcfb95000 	C:\Users\LENOVO\AppData\Local\Temp\lwjglLENOVO\3.3.1-build-7\lwjgl.dll
0x00007ffdcde50000 - 0x00007ffdcdeb1000 	C:\Users\LENOVO\AppData\Local\Temp\lwjglLENOVO\3.3.1-build-7\glfw.dll
0x00007ffdcfad0000 - 0x00007ffdcfb16000 	C:\WINDOWS\SYSTEM32\dinput8.dll
0x00007ffde99b0000 - 0x00007ffde99c1000 	C:\WINDOWS\SYSTEM32\xinput1_4.dll
0x00007ffdeff40000 - 0x00007ffdeff8e000 	C:\WINDOWS\SYSTEM32\cfgmgr32.dll
0x00007ffdeff00000 - 0x00007ffdeff2c000 	C:\WINDOWS\SYSTEM32\DEVOBJ.dll
0x00007ffdecc00000 - 0x00007ffdecc2b000 	C:\WINDOWS\SYSTEM32\dwmapi.dll
0x00007ffdce070000 - 0x00007ffdce27e000 	C:\WINDOWS\SYSTEM32\inputhost.dll
0x00007ffde9570000 - 0x00007ffde96a3000 	C:\WINDOWS\SYSTEM32\CoreMessaging.dll
0x00007ffdec830000 - 0x00007ffdec8df000 	C:\WINDOWS\system32\uxtheme.dll
0x00007ffdef9a0000 - 0x00007ffdef9ac000 	C:\WINDOWS\SYSTEM32\CRYPTBASE.DLL
0x00007ffdf2a90000 - 0x00007ffdf2be3000 	C:\WINDOWS\System32\MSCTF.dll
0x00007ffdc8760000 - 0x00007ffdc8860000 	C:\WINDOWS\SYSTEM32\opengl32.dll
0x00007ffdcb330000 - 0x00007ffdcb35d000 	C:\WINDOWS\SYSTEM32\GLU32.dll
0x00007ffdecfb0000 - 0x00007ffdecfe9000 	C:\WINDOWS\SYSTEM32\dxcore.dll
0x00007ffde77d0000 - 0x00007ffde7819000 	C:\WINDOWS\SYSTEM32\directxdatabasehelper.dll
0x00007ffdf1a90000 - 0x00007ffdf1b40000 	C:\WINDOWS\System32\clbcatq.dll
0x00007ffd66900000 - 0x00007ffd67971000 	C:\WINDOWS\System32\DriverStore\FileRepository\iigd_dch.inf_amd64_535ad830186013d4\ig11icd64.dll
0x00007ffdede70000 - 0x00007ffdedf67000 	C:\WINDOWS\system32\dxgi.dll
0x00007ffd6a330000 - 0x00007ffd6a7b7000 	C:\WINDOWS\System32\DriverStore\FileRepository\iigd_dch.inf_amd64_535ad830186013d4\igdml64.dll
0x00007ffde1ee0000 - 0x00007ffde22a1000 	C:\WINDOWS\System32\DriverStore\FileRepository\iigd_dch.inf_amd64_535ad830186013d4\igdgmm64.dll
0x00007ffddecd0000 - 0x00007ffde1ed6000 	C:\WINDOWS\System32\DriverStore\FileRepository\iigd_dch.inf_amd64_535ad830186013d4\igc64.dll
0x00007ffdde4d0000 - 0x00007ffdde61e000 	C:\WINDOWS\SYSTEM32\textinputframework.dll
0x00007ffde7460000 - 0x00007ffde77cd000 	C:\WINDOWS\SYSTEM32\CoreUIComponents.dll
0x00007ffdcad10000 - 0x00007ffdcad79000 	C:\WINDOWS\system32\Oleacc.dll
0x00007ffdc9400000 - 0x00007ffdc945d000 	C:\Users\LENOVO\AppData\Local\Temp\lwjglLENOVO\3.3.1-build-7\lwjgl_opengl.dll

dbghelp: loaded successfully - version: 4.0.5 - missing functions: none
symbol engine: initialized successfully - sym options: 0x614 - pdb path: .;C:\Program Files\Java\jdk-22.0.1\bin;C:\WINDOWS\SYSTEM32;C:\Program Files\Avast Software\Avast;C:\WINDOWS\WinSxS\amd64_microsoft.windows.common-controls_6595b64144ccf1df_6.0.22621.3672_none_2713b9d173822955;C:\Program Files\Java\jdk-22.0.1\bin\server;C:\Users\LENOVO\AppData\Local\Temp\lwjglLENOVO\3.3.1-build-7;C:\WINDOWS\System32\DriverStore\FileRepository\iigd_dch.inf_amd64_535ad830186013d4

VM Arguments:
jvm_args: -Dfile.encoding=UTF-8 -Dstdout.encoding=UTF-8 -Dstderr.encoding=UTF-8 -XX:+ShowCodeDetailsInExceptionMessages 
java_command: objViewer.Main
java_class_path (initial): C:\Users\LENOVO\Eclipse_Projects\Modelo3D\Modelo\bin\main;C:\Users\LENOVO\.gradle\caches\modules-2\files-2.1\org.lwjgl\lwjgl-glfw\3.3.1\cbac1b8d30cb4795149c1ef540f912671a8616d0\lwjgl-glfw-3.3.1.jar;C:\Users\LENOVO\.gradle\caches\modules-2\files-2.1\org.lwjgl\lwjgl-opengl\3.3.1\831a5533a21a5f4f81bbc51bb13e9899319b5411\lwjgl-opengl-3.3.1.jar;C:\Users\LENOVO\.gradle\caches\modules-2\files-2.1\org.lwjgl\lwjgl\3.3.1\ae58664f88e18a9bb2c77b063833ca7aaec484cb\lwjgl-3.3.1.jar;C:\Users\LENOVO\.gradle\caches\modules-2\files-2.1\org.joml\joml\1.10.5\22566d58af70ad3d72308bab63b8339906deb649\joml-1.10.5.jar;C:\Users\LENOVO\.gradle\caches\modules-2\files-2.1\de.javagl\obj\0.4.0\551dfcd4074cd8c9382941fe4f9d5b30f47d8460\obj-0.4.0.jar;C:\Users\LENOVO\.gradle\caches\modules-2\files-2.1\org.slf4j\slf4j-api\1.7.30\b5a4b6d16ab13e34a88fae84c35cd5d68cac922c\slf4j-api-1.7.30.jar;C:\Users\LENOVO\.gradle\caches\modules-2\files-2.1\org.lwjgl\lwjgl-glfw\3.3.1\ed892f945cf7e79c8756796f32d00fa4ceaf573b\lwjgl-glfw-3.3.1-natives-windows.jar;C:\Users\LENOVO\.gradle\caches\modules-2\files-2.1\org.lwjgl\lwjgl-glfw\3.3.1\81716978214ecbda15050ca394b06ef61501a49e\lwjgl-glfw-3.3.1-natives-linux.jar;C:\Users\LENOVO\.gradle\caches\modules-2\files-2.1\org.lwjgl\lwjgl-glfw\3.3.1\9ec4ce1fc8c85fdef03ef4ff2aace6f5775fb280\lwjgl-glfw-3.3.1-natives-macos.jar;C:\Users\LENOVO\.gradle\caches\modules-2\files-2.1\org.lwjgl\lwjgl-opengl\3.3.1\c1807e9bd571402787d7e37e3029776ae2513bb8\lwjgl-opengl-3.3.1-natives-windows.jar;C:\Users\LENOVO\.gradle\caches\modules-2\files-2.1\org.lwjgl\lwjgl-opengl\3.3.1\ab9ab6fde3743e3550fa5d46d785ecb45b047d99\lwjgl-opengl-3.3.1-natives-linux.jar;C:\Users\LENOVO\.gradle\caches\modules-2\files-2.1\org.lwjgl\lwjgl-opengl\3.3.1\a0d12697ea019a7362eff26475b0531340e876a6\lwjgl-opengl-3.3.1-natives-macos.jar;C:\Users\LENOVO\.gradle\caches\modules-2\files-2.1\org.lwjgl\lwjgl\3.3.1\36c37f16ab611b3aa11f3bcf80b1d509b4ce6b\lwjgl-3.3.1-natives-windows.jar;C:\Users\LENOVO\.gradle\caches\modules-2\files-2.1\org.lwjgl\lwjgl\3.3.1\1de885aba434f934201b99f2f1afb142036ac189\lwjgl-3.3.1-natives-linux.jar;C:\Users\LENOVO\.gradle\caches\modules-2\files-2.1\org.lwjgl\lwjgl\3.3.1\fc6bb723dec2cd031557dccb2a95f0ab80acb9db\lwjgl-3.3.1-natives-macos.jar;C:\Users\LENOVO\.gradle\caches\modules-2\files-2.1\ch.qos.logback\logback-classic\1.2.3\7c4f3c474fb2c041d8028740440937705ebb473a\logback-classic-1.2.3.jar;C:\Users\LENOVO\.gradle\caches\modules-2\files-2.1\ch.qos.logback\logback-core\1.2.3\864344400c3d4d92dfeb0a305dc87d953677c03c\logback-core-1.2.3.jar
Launcher Type: SUN_STANDARD

[Global flags]
     intx CICompilerCount                          = 4                                         {product} {ergonomic}
     uint ConcGCThreads                            = 2                                         {product} {ergonomic}
     uint G1ConcRefinementThreads                  = 8                                         {product} {ergonomic}
   size_t G1HeapRegionSize                         = 2097152                                   {product} {ergonomic}
   size_t InitialHeapSize                          = 197132288                                 {product} {ergonomic}
   size_t MarkStackSize                            = 4194304                                   {product} {ergonomic}
   size_t MaxHeapSize                              = 3154116608                                {product} {ergonomic}
   size_t MaxNewSize                               = 1891631104                                {product} {ergonomic}
   size_t MinHeapDeltaBytes                        = 2097152                                   {product} {ergonomic}
   size_t MinHeapSize                              = 8388608                                   {product} {ergonomic}
    uintx NonNMethodCodeHeapSize                   = 5839372                                {pd product} {ergonomic}
    uintx NonProfiledCodeHeapSize                  = 122909434                              {pd product} {ergonomic}
    uintx ProfiledCodeHeapSize                     = 122909434                              {pd product} {ergonomic}
    uintx ReservedCodeCacheSize                    = 251658240                              {pd product} {ergonomic}
     bool SegmentedCodeCache                       = true                                      {product} {ergonomic}
     bool ShowCodeDetailsInExceptionMessages       = true                                   {manageable} {command line}
   size_t SoftMaxHeapSize                          = 3154116608                             {manageable} {ergonomic}
     bool UseCompressedOops                        = true                           {product lp64_product} {ergonomic}
     bool UseG1GC                                  = true                                      {product} {ergonomic}
     bool UseLargePagesIndividualAllocation        = false                                  {pd product} {ergonomic}

Logging:
Log output configuration:
 #0: stdout all=warning uptime,level,tags foldmultilines=false
 #1: stderr all=off uptime,level,tags foldmultilines=false

Environment Variables:
JAVA_HOME=C:\Program Files\Java\jdk-18.0.1.1
PATH=C:/Users/LENOVO/Downloads/eclipse-java-2024-03-R-win32-x86_64/eclipse//plugins/org.eclipse.justj.openjdk.hotspot.jre.full.win32.x86_64_21.0.3.v20240426-1530/jre/bin/server;C:/Users/LENOVO/Downloads/eclipse-java-2024-03-R-win32-x86_64/eclipse//plugins/org.eclipse.justj.openjdk.hotspot.jre.full.win32.x86_64_21.0.3.v20240426-1530/jre/bin;C:\Program Files\Common Files\Oracle\Java\javapath;C:\Program Files (x86)\Common Files\Oracle\Java\javapath;C:\WINDOWS\system32;C:\WINDOWS;C:\WINDOWS\System32\Wbem;C:\WINDOWS\System32\WindowsPowerShell\v1.0\;C:\WINDOWS\System32\OpenSSH\;C:\Program Files\Microsoft SQL Server\Client SDK\ODBC\170\Tools\Binn\;C:\Program Files\dotnet\;C:\Program Files\nodejs\;C:\Program Files\MATLAB\R2022a\runtime\win64;C:\Program Files\MATLAB\R2022a\bin;C:\Program Files\Azure Data Studio\bin;C:\Program Files\Docker\Docker\resources\bin;C:\Program Files\Microsoft VS Code\bin;C:\Program Files\Microsoft SQL Server\130\Tools\Binn\;C:\Program Files\Git\cmd;C:\Program Files\Git\mingw64\bin;C:\Program Files\Git\usr\bin;C:\Users\LENOVO\AppData\Local\Programs\Python\Python312\Scripts\;C:\Users\LENOVO\AppData\Local\Programs\Python\Python312\;C:\Users\LENOVO\anaconda3;C:\Users\LENOVO\anaconda3\Library\mingw-w64\bin;C:\Users\LENOVO\anaconda3\Library\usr\bin;C:\Users\LENOVO\anaconda3\Library\bin;C:\Users\LENOVO\anaconda3\Scripts;C:\Users\LENOVO\AppData\Local\Programs\Python\Python310\Scripts\;C:\Users\LENOVO\AppData\Local\Programs\Python\Python310\;C:\Users\LENOVO\AppData\Local\Programs\Python\Python39\Scripts\;C:\Users\LENOVO\AppData\Local\Programs\Python\Python39\;C:\Users\LENOVO\AppData\Local\Microsoft\WindowsApps;C:\Users\LENOVO\AppData\Local\Programs\Microsoft VS Code\bin;C:\Users\LENOVO\.dotnet\tools;C:\Users\LENOVO\AppData\Roaming\npm;C:\Program Files\MongoDB\Server\5.0\bin;C:\Program Files\Java\jdk-18.0.1.1\bin;C:\Users\LENOVO\AppData\Roaming\TinyTeX\bin\win32;;C:\Program Files\Azure Data Studio\bin;C:\Users\LENOVO\AppData\Local\Programs\oh-my-posh\bin;C:\Users\LENOVO\Downloads\eclipse-java-2024-03-R-win32-x86_64\eclipse;
USERNAME=LENOVO
OS=Windows_NT
PROCESSOR_IDENTIFIER=Intel64 Family 6 Model 126 Stepping 5, GenuineIntel
TMP=C:\Users\LENOVO\AppData\Local\Temp
TEMP=C:\Users\LENOVO\AppData\Local\Temp




Periodic native trim disabled

---------------  S Y S T E M  ---------------

OS:
 Windows 11 , 64 bit Build 22621 (10.0.22621.3672)
OS uptime: 3 days 20:15 hours
Hyper-V role detected

CPU: total 8 (initial active 8) (4 cores per cpu, 2 threads per core) family 6 model 126 stepping 5 microcode 0xa6, cx8, cmov, fxsr, ht, mmx, 3dnowpref, sse, sse2, sse3, ssse3, sse4.1, sse4.2, popcnt, lzcnt, tsc, tscinvbit, avx, avx2, aes, erms, clmul, bmi1, bmi2, adx, avx512f, avx512dq, avx512cd, avx512bw, avx512vl, sha, fma, vzeroupper, avx512_vpopcntdq, avx512_vpclmulqdq, avx512_vaes, avx512_vnni, clflush, clflushopt, avx512_vbmi2, avx512_vbmi, hv, rdtscp, rdpid, fsrm, gfni, avx512_bitalg, f16c, avx512_ifma
Processor Information for all 8 processors :
  Max Mhz: 1190, Current Mhz: 991, Mhz Limit: 987

Memory: 4k page, system-wide physical 12030M (4468M free)
TotalPageFile size 17662M (AvailPageFile size 6749M)
current process WorkingSet (physical memory assigned to process): 113M, peak: 113M
current process commit charge ("private bytes"): 312M, peak: 312M

vm_info: Java HotSpot(TM) 64-Bit Server VM (22.0.1+8-16) for windows-amd64 JRE (22.0.1+8-16), built on 2024-03-12T10:33:16Z by "mach5one" with MS VC++ 17.6 (VS2022)

END.
